Using pre-set license
Built from '2020.3/staging' branch; Version is '2020.3.0f1 (c7b5465681fb) revision 13088070'; Using compiler version '192528614'; Build Type 'Release'
OS: 'Windows 10 Home; OS build 19044.1526; Version 2009; 64bit' Language: 'en' Physical Memory: 8101 MB
BatchMode: 1, IsHumanControllingUs: 0, StartBugReporterOnCrash: 0, Is64bit: 1, IsPro: 0

 COMMAND LINE ARGUMENTS:
D:\Program Files\Unity\Editor\2020.3.0f1\Editor\Unity.exe
-adb2
-batchMode
-noUpm
-name
AssetImportWorker24
-projectPath
D:/Documents/GitHub/GGJ-2022
-logFile
Logs/AssetImportWorker24.log
-srvPort
54989
Successfully changed project path to: D:/Documents/GitHub/GGJ-2022
D:/Documents/GitHub/GGJ-2022
Using Asset Import Pipeline V2.
Refreshing native plugins compatible for Editor in 175.97 ms, found 2 plugins.
Preloading 0 native plugins for Editor in 0.00 ms.
Initialize engine version: 2020.3.0f1 (c7b5465681fb)
[Subsystems] Discovering subsystems at path D:/Program Files/Unity/Editor/2020.3.0f1/Editor/Data/Resources/UnitySubsystems
[Subsystems] Discovering subsystems at path D:/Documents/GitHub/GGJ-2022/Assets
GfxDevice: creating device client; threaded=0
Direct3D:
    Version:  Direct3D 11.0 [level 11.1]
    Renderer: NVIDIA GeForce GTX 1050 (ID=0x1c8d)
    Vendor:   
    VRAM:     4021 MB
    Driver:   30.0.15.1165
Initialize mono
Mono path[0] = 'D:/Program Files/Unity/Editor/2020.3.0f1/Editor/Data/Managed'
Mono path[1] = 'D:/Program Files/Unity/Editor/2020.3.0f1/Editor/Data/MonoBleedingEdge/lib/mono/unityjit'
Mono config path = 'D:/Program Files/Unity/Editor/2020.3.0f1/Editor/Data/MonoBleedingEdge/etc'
Using monoOptions --debugger-agent=transport=dt_socket,embedding=1,server=y,suspend=n,address=127.0.0.1:56840
Begin MonoManager ReloadAssembly
Registering precompiled unity dll's ...
Register platform support module: D:/Program Files/Unity/Editor/2020.3.0f1/Editor/Data/PlaybackEngines/WebGLSupport/UnityEditor.WebGL.Extensions.dll
Register platform support module: D:/Program Files/Unity/Editor/2020.3.0f1/Editor/Data/PlaybackEngines/WindowsStandaloneSupport/UnityEditor.WindowsStandalone.Extensions.dll
Registered in 0.020787 seconds.
Native extension for WindowsStandalone target not found
Native extension for WebGL target not found
Refreshing native plugins compatible for Editor in 87.34 ms, found 2 plugins.
Preloading 0 native plugins for Editor in 0.00 ms.
Invoked RoslynAnalysisRunner static constructor.
RoslynAnalysisRunner will not be running.
RoslynAnalysisRunner has terminated.
Mono: successfully reloaded assembly
- Completed reload, in  2.894 seconds
Platform modules already initialized, skipping
Registering precompiled user dll's ...
Registered in 0.016502 seconds.
Begin MonoManager ReloadAssembly
Native extension for WindowsStandalone target not found
Native extension for WebGL target not found
Refreshing native plugins compatible for Editor in 90.66 ms, found 2 plugins.
Preloading 0 native plugins for Editor in 0.00 ms.
Invoked RoslynAnalysisRunner static constructor.
RoslynAnalysisRunner will not be running.
RoslynAnalysisRunner has terminated.
Mono: successfully reloaded assembly
- Completed reload, in  5.057 seconds
Platform modules already initialized, skipping
========================================================================
Worker process is ready to serve import requests
Launched and connected shader compiler UnityShaderCompiler.exe after 0.24 seconds
Refreshing native plugins compatible for Editor in 0.94 ms, found 2 plugins.
Preloading 0 native plugins for Editor in 0.00 ms.
Unloading 2394 Unused Serialized files (Serialized files now loaded: 0)
System memory in use before: 99.4 MB.
System memory in use after: 99.5 MB.

Unloading 24 unused Assets to reduce memory usage. Loaded Objects now: 2829.
Total: 33.036600 ms (FindLiveObjects: 0.630000 ms CreateObjectMapping: 0.261700 ms MarkObjects: 31.979300 ms  DeleteObjects: 0.150700 ms)

========================================================================
Received Import Request.
  path: Assets/DungeonManager/DungeonMap.cs
  artifactKey: Guid(f761e624d03e99547aab6e4386f45e1b) Importer(815301076,1909f56bfc062723c751e8b465ee728b)
Start importing Assets/DungeonManager/DungeonMap.cs using Guid(f761e624d03e99547aab6e4386f45e1b) Importer(815301076,1909f56bfc062723c751e8b465ee728b)  -> (artifact id: '3fd8d2ccac80001576c946c3d50378aa') in 1.293338 seconds
  Import took 1.938355 seconds .

========================================================================
Received Prepare
Registering precompiled user dll's ...
Registered in 0.239333 seconds.
Begin MonoManager ReloadAssembly
Native extension for WindowsStandalone target not found
Native extension for WebGL target not found
Refreshing native plugins compatible for Editor in 0.74 ms, found 2 plugins.
Preloading 0 native plugins for Editor in 0.00 ms.
Invoked RoslynAnalysisRunner static constructor.
RoslynAnalysisRunner will not be running.
RoslynAnalysisRunner has terminated.
Mono: successfully reloaded assembly
- Completed reload, in  3.324 seconds
Platform modules already initialized, skipping
Refreshing native plugins compatible for Editor in 8.91 ms, found 2 plugins.
Preloading 0 native plugins for Editor in 0.00 ms.
Unloading 2362 Unused Serialized files (Serialized files now loaded: 0)
System memory in use before: 98.3 MB.
System memory in use after: 98.5 MB.

Unloading 17 unused Assets to reduce memory usage. Loaded Objects now: 2831.
Total: 4.895200 ms (FindLiveObjects: 0.484800 ms CreateObjectMapping: 0.268800 ms MarkObjects: 3.995300 ms  DeleteObjects: 0.143400 ms)

========================================================================
Received Import Request.
  Time since last request: 1511.931216 seconds.
  path: Assets/DungeonManager/DungeonMap.cs
  artifactKey: Guid(f761e624d03e99547aab6e4386f45e1b) Importer(815301076,1909f56bfc062723c751e8b465ee728b)
Start importing Assets/DungeonManager/DungeonMap.cs using Guid(f761e624d03e99547aab6e4386f45e1b) Importer(815301076,1909f56bfc062723c751e8b465ee728b)  -> (artifact id: 'da97a7b41d3c8d69f4008f2c01d9ceea') in 0.070149 seconds
  Import took 0.766360 seconds .

========================================================================
Received Prepare
Registering precompiled user dll's ...
Registered in 0.154581 seconds.
Begin MonoManager ReloadAssembly
Native extension for WindowsStandalone target not found
Native extension for WebGL target not found
Refreshing native plugins compatible for Editor in 0.60 ms, found 2 plugins.
Preloading 0 native plugins for Editor in 0.00 ms.
Invoked RoslynAnalysisRunner static constructor.
RoslynAnalysisRunner will not be running.
RoslynAnalysisRunner has terminated.
Mono: successfully reloaded assembly
- Completed reload, in  7.291 seconds
Platform modules already initialized, skipping
Refreshing native plugins compatible for Editor in 0.71 ms, found 2 plugins.
Preloading 0 native plugins for Editor in 0.00 ms.
Unloading 2362 Unused Serialized files (Serialized files now loaded: 0)
System memory in use before: 98.3 MB.
System memory in use after: 98.5 MB.

Unloading 17 unused Assets to reduce memory usage. Loaded Objects now: 2833.
Total: 211.195000 ms (FindLiveObjects: 55.713100 ms CreateObjectMapping: 0.478500 ms MarkObjects: 152.846900 ms  DeleteObjects: 2.135500 ms)

========================================================================
Received Import Request.
  Time since last request: 5122.987893 seconds.
  path: Assets/DungeonManager/DungeonMap.cs
  artifactKey: Guid(f761e624d03e99547aab6e4386f45e1b) Importer(815301076,1909f56bfc062723c751e8b465ee728b)
Start importing Assets/DungeonManager/DungeonMap.cs using Guid(f761e624d03e99547aab6e4386f45e1b) Importer(815301076,1909f56bfc062723c751e8b465ee728b)  -> (artifact id: 'd3fb9e72f1d57b71f8bbbc1e576ec010') in 0.151238 seconds
  Import took 0.719917 seconds .

========================================================================
Received Import Request.
  Time since last request: 4984.044218 seconds.
  path: Assets/AddressableAssetsData/AddressableAssetSettings.asset
  artifactKey: Guid(7dec60357e09a7d4d9bfd2d4f4f6db07) Importer(815301076,1909f56bfc062723c751e8b465ee728b)
Start importing Assets/AddressableAssetsData/AddressableAssetSettings.asset using Guid(7dec60357e09a7d4d9bfd2d4f4f6db07) Importer(815301076,1909f56bfc062723c751e8b465ee728b)  -> (artifact id: 'aeacc3e79065a49a5406e9975934f687') in 0.381517 seconds
  Import took 0.498521 seconds .

========================================================================
Received Import Request.
  Time since last request: 0.000381 seconds.
  path: Assets/AddressableAssetsData/DefaultObject.asset
  artifactKey: Guid(dcbc8d01e3d6f494ebf1f4f20efe527e) Importer(815301076,1909f56bfc062723c751e8b465ee728b)
Start importing Assets/AddressableAssetsData/DefaultObject.asset using Guid(dcbc8d01e3d6f494ebf1f4f20efe527e) Importer(815301076,1909f56bfc062723c751e8b465ee728b)  -> (artifact id: '5f47078bd0160b758976eed2840ee97c') in 0.046942 seconds
  Import took 0.082075 seconds .

========================================================================
Received Import Request.
  Time since last request: 7.669274 seconds.
  path: Assets/Creature/CreatureSettings.cs
  artifactKey: Guid(35e5476e069d406dae020baa5227a314) Importer(815301076,1909f56bfc062723c751e8b465ee728b)
Start importing Assets/Creature/CreatureSettings.cs using Guid(35e5476e069d406dae020baa5227a314) Importer(815301076,1909f56bfc062723c751e8b465ee728b)  -> (artifact id: 'aa278acd4ef52eea9b09ae043899859e') in 0.152640 seconds
  Import took 0.199132 seconds .

========================================================================
Received Import Request.
  Time since last request: 25.871593 seconds.
  path: Assets/Creature/Player.cs
  artifactKey: Guid(70eeb59281bfaaa4f8f08137c87ab31d) Importer(815301076,1909f56bfc062723c751e8b465ee728b)
Start importing Assets/Creature/Player.cs using Guid(70eeb59281bfaaa4f8f08137c87ab31d) Importer(815301076,1909f56bfc062723c751e8b465ee728b)  -> (artifact id: '34dd086364c56c3389177f2bed984775') in 0.011012 seconds
  Import took 0.118976 seconds .

========================================================================
Received Import Request.
  Time since last request: 0.198776 seconds.
  path: Assets/Creature/Player.cs
  artifactKey: Guid(70eeb59281bfaaa4f8f08137c87ab31d) Importer(815301076,1909f56bfc062723c751e8b465ee728b)
Start importing Assets/Creature/Player.cs using Guid(70eeb59281bfaaa4f8f08137c87ab31d) Importer(815301076,1909f56bfc062723c751e8b465ee728b)  -> (artifact id: '34dd086364c56c3389177f2bed984775') in 0.005654 seconds
  Import took 0.062882 seconds .

========================================================================
Received Import Request.
  Time since last request: 14.779082 seconds.
  path: Assets/Creature/Player
  artifactKey: Guid(178542dd59320f24abab2af143beff36) Importer(815301076,1909f56bfc062723c751e8b465ee728b)
Start importing Assets/Creature/Player using Guid(178542dd59320f24abab2af143beff36) Importer(815301076,1909f56bfc062723c751e8b465ee728b)  -> (artifact id: 'a7a904617c1821935f137b2697ed6791') in 0.008588 seconds
  Import took 0.031096 seconds .

========================================================================
Received Prepare
Registering precompiled user dll's ...
Registered in 0.166185 seconds.
Begin MonoManager ReloadAssembly
Native extension for WindowsStandalone target not found
Native extension for WebGL target not found
Refreshing native plugins compatible for Editor in 1.02 ms, found 2 plugins.
Preloading 0 native plugins for Editor in 0.00 ms.
Invoked RoslynAnalysisRunner static constructor.
RoslynAnalysisRunner will not be running.
RoslynAnalysisRunner has terminated.
Mono: successfully reloaded assembly
- Completed reload, in  4.735 seconds
Platform modules already initialized, skipping
Refreshing native plugins compatible for Editor in 0.62 ms, found 2 plugins.
Preloading 0 native plugins for Editor in 0.00 ms.
Unloading 2364 Unused Serialized files (Serialized files now loaded: 0)
System memory in use before: 98.4 MB.
System memory in use after: 98.6 MB.

Unloading 18 unused Assets to reduce memory usage. Loaded Objects now: 2836.
Total: 262.605900 ms (FindLiveObjects: 0.416700 ms CreateObjectMapping: 0.154900 ms MarkObjects: 261.871800 ms  DeleteObjects: 0.159200 ms)

========================================================================
Received Import Request.
  Time since last request: 129.329292 seconds.
  path: Assets/Creature/InputHandler.cs
  artifactKey: Guid(8ab5470933515f44d903dce7a0c5ff3b) Importer(815301076,1909f56bfc062723c751e8b465ee728b)
Start importing Assets/Creature/InputHandler.cs using Guid(8ab5470933515f44d903dce7a0c5ff3b) Importer(815301076,1909f56bfc062723c751e8b465ee728b)  -> (artifact id: '58bba1aefa4ac54062c2a72fb63365f2') in 0.012808 seconds
  Import took 0.363675 seconds .

========================================================================
Received Import Request.
  Time since last request: 505.768040 seconds.
  path: Assets/Creature/CreatureManager.cs
  artifactKey: Guid(536acfc6544e7514d9d2456e6ee5a0f5) Importer(815301076,1909f56bfc062723c751e8b465ee728b)
Start importing Assets/Creature/CreatureManager.cs using Guid(536acfc6544e7514d9d2456e6ee5a0f5) Importer(815301076,1909f56bfc062723c751e8b465ee728b)  -> (artifact id: '4e2eb0131a1b1fa40a277d9e19196044') in 0.050885 seconds
  Import took 0.304473 seconds .

========================================================================
Received Import Request.
  Time since last request: 0.038011 seconds.
  path: Assets/Creature/CreatureManager.cs
  artifactKey: Guid(536acfc6544e7514d9d2456e6ee5a0f5) Importer(815301076,1909f56bfc062723c751e8b465ee728b)
Start importing Assets/Creature/CreatureManager.cs using Guid(536acfc6544e7514d9d2456e6ee5a0f5) Importer(815301076,1909f56bfc062723c751e8b465ee728b)  -> (artifact id: '4e2eb0131a1b1fa40a277d9e19196044') in 0.064497 seconds
  Import took 0.331597 seconds .

========================================================================
Received Import Request.
  Time since last request: 4443.846323 seconds.
  path: Assets/Creature/CreatureManager.cs
  artifactKey: Guid(536acfc6544e7514d9d2456e6ee5a0f5) Importer(815301076,1909f56bfc062723c751e8b465ee728b)
Start importing Assets/Creature/CreatureManager.cs using Guid(536acfc6544e7514d9d2456e6ee5a0f5) Importer(815301076,1909f56bfc062723c751e8b465ee728b)  -> (artifact id: 'e665557184ff8a2f430cd3b4d098401c') in 0.251045 seconds
  Import took 3.174768 seconds .

========================================================================
Received Prepare
Registering precompiled user dll's ...
Registered in 0.223427 seconds.
Begin MonoManager ReloadAssembly
Native extension for WindowsStandalone target not found
Native extension for WebGL target not found
Refreshing native plugins compatible for Editor in 0.60 ms, found 2 plugins.
Preloading 0 native plugins for Editor in 0.00 ms.
Invoked RoslynAnalysisRunner static constructor.
RoslynAnalysisRunner will not be running.
RoslynAnalysisRunner has terminated.
Mono: successfully reloaded assembly
- Completed reload, in  3.825 seconds
Platform modules already initialized, skipping
Refreshing native plugins compatible for Editor in 0.82 ms, found 2 plugins.
Preloading 0 native plugins for Editor in 0.00 ms.
Unloading 2363 Unused Serialized files (Serialized files now loaded: 0)
System memory in use before: 98.4 MB.
System memory in use after: 98.6 MB.

Unloading 17 unused Assets to reduce memory usage. Loaded Objects now: 2839.
Total: 50.404000 ms (FindLiveObjects: 0.496600 ms CreateObjectMapping: 0.271800 ms MarkObjects: 49.314900 ms  DeleteObjects: 0.318000 ms)

========================================================================
Received Import Request.
  Time since last request: 1275.527707 seconds.
  path: Assets/Events/Events.cs
  artifactKey: Guid(1932fac3be7694b4b9ba0f81bd6a526b) Importer(815301076,1909f56bfc062723c751e8b465ee728b)
Start importing Assets/Events/Events.cs using Guid(1932fac3be7694b4b9ba0f81bd6a526b) Importer(815301076,1909f56bfc062723c751e8b465ee728b)  -> (artifact id: '54f4fe5b7da0ab14a1cc3ed4f5e39490') in 0.075228 seconds
  Import took 0.148849 seconds .

========================================================================
Received Prepare
Registering precompiled user dll's ...
Registered in 0.018684 seconds.
Begin MonoManager ReloadAssembly
Native extension for WindowsStandalone target not found
Native extension for WebGL target not found
Refreshing native plugins compatible for Editor in 1.12 ms, found 2 plugins.
Preloading 0 native plugins for Editor in 0.00 ms.
Invoked RoslynAnalysisRunner static constructor.
RoslynAnalysisRunner will not be running.
RoslynAnalysisRunner has terminated.
Mono: successfully reloaded assembly
- Completed reload, in  2.835 seconds
Platform modules already initialized, skipping
Refreshing native plugins compatible for Editor in 0.65 ms, found 2 plugins.
Preloading 0 native plugins for Editor in 0.00 ms.
Unloading 2363 Unused Serialized files (Serialized files now loaded: 0)
System memory in use before: 98.3 MB.
System memory in use after: 98.5 MB.

Unloading 17 unused Assets to reduce memory usage. Loaded Objects now: 2841.
Total: 3.895600 ms (FindLiveObjects: 0.559200 ms CreateObjectMapping: 0.245800 ms MarkObjects: 3.004700 ms  DeleteObjects: 0.083900 ms)

========================================================================
Received Import Request.
  Time since last request: 74.940838 seconds.
  path: Assets/Creature/Creature Manager.asset
  artifactKey: Guid(3d1ea1d18dcc606408acbc0a1d41f385) Importer(815301076,1909f56bfc062723c751e8b465ee728b)
Start importing Assets/Creature/Creature Manager.asset using Guid(3d1ea1d18dcc606408acbc0a1d41f385) Importer(815301076,1909f56bfc062723c751e8b465ee728b)  -> (artifact id: '5310327db3aead05a4f954eee875c7ad') in 0.145710 seconds
  Import took 0.162749 seconds .

========================================================================
Received Prepare
Registering precompiled user dll's ...
Registered in 0.087431 seconds.
Begin MonoManager ReloadAssembly
Native extension for WindowsStandalone target not found
Native extension for WebGL target not found
Refreshing native plugins compatible for Editor in 0.66 ms, found 2 plugins.
Preloading 0 native plugins for Editor in 0.00 ms.
Invoked RoslynAnalysisRunner static constructor.
RoslynAnalysisRunner will not be running.
RoslynAnalysisRunner has terminated.
Mono: successfully reloaded assembly
- Completed reload, in  2.458 seconds
Platform modules already initialized, skipping
Refreshing native plugins compatible for Editor in 2.11 ms, found 2 plugins.
Preloading 0 native plugins for Editor in 0.00 ms.
Unloading 2363 Unused Serialized files (Serialized files now loaded: 0)
System memory in use before: 98.4 MB.
System memory in use after: 98.6 MB.

Unloading 17 unused Assets to reduce memory usage. Loaded Objects now: 2843.
Total: 9.052200 ms (FindLiveObjects: 0.537100 ms CreateObjectMapping: 0.264000 ms MarkObjects: 8.079600 ms  DeleteObjects: 0.168000 ms)

========================================================================
Received Prepare
Registering precompiled user dll's ...
Registered in 0.070677 seconds.
Begin MonoManager ReloadAssembly
Native extension for WindowsStandalone target not found
Native extension for WebGL target not found
Refreshing native plugins compatible for Editor in 0.64 ms, found 2 plugins.
Preloading 0 native plugins for Editor in 0.00 ms.
Invoked RoslynAnalysisRunner static constructor.
RoslynAnalysisRunner will not be running.
RoslynAnalysisRunner has terminated.
Mono: successfully reloaded assembly
- Completed reload, in  3.950 seconds
Platform modules already initialized, skipping
Refreshing native plugins compatible for Editor in 1.27 ms, found 2 plugins.
Preloading 0 native plugins for Editor in 0.00 ms.
Unloading 2362 Unused Serialized files (Serialized files now loaded: 0)
System memory in use before: 98.4 MB.
System memory in use after: 98.6 MB.

Unloading 18 unused Assets to reduce memory usage. Loaded Objects now: 2844.
Total: 5.133900 ms (FindLiveObjects: 0.614500 ms CreateObjectMapping: 0.263200 ms MarkObjects: 4.105500 ms  DeleteObjects: 0.147100 ms)

========================================================================
Received Prepare
Registering precompiled user dll's ...
Registered in 0.016228 seconds.
Begin MonoManager ReloadAssembly
Native extension for WindowsStandalone target not found
Native extension for WebGL target not found
Refreshing native plugins compatible for Editor in 0.60 ms, found 2 plugins.
Preloading 0 native plugins for Editor in 0.00 ms.
Invoked RoslynAnalysisRunner static constructor.
RoslynAnalysisRunner will not be running.
RoslynAnalysisRunner has terminated.
Mono: successfully reloaded assembly
- Completed reload, in  1.883 seconds
Platform modules already initialized, skipping
Refreshing native plugins compatible for Editor in 0.64 ms, found 2 plugins.
Preloading 0 native plugins for Editor in 0.00 ms.
Unloading 2362 Unused Serialized files (Serialized files now loaded: 0)
System memory in use before: 98.4 MB.
System memory in use after: 98.6 MB.

Unloading 17 unused Assets to reduce memory usage. Loaded Objects now: 2846.
Total: 4.037900 ms (FindLiveObjects: 0.307900 ms CreateObjectMapping: 0.146800 ms MarkObjects: 3.495200 ms  DeleteObjects: 0.086300 ms)

========================================================================
Received Prepare
Registering precompiled user dll's ...
Registered in 0.018025 seconds.
Begin MonoManager ReloadAssembly
Native extension for WindowsStandalone target not found
Native extension for WebGL target not found
Refreshing native plugins compatible for Editor in 0.77 ms, found 2 plugins.
Preloading 0 native plugins for Editor in 0.00 ms.
Invoked RoslynAnalysisRunner static constructor.
RoslynAnalysisRunner will not be running.
RoslynAnalysisRunner has terminated.
Mono: successfully reloaded assembly
- Completed reload, in  2.197 seconds
Platform modules already initialized, skipping
Refreshing native plugins compatible for Editor in 0.66 ms, found 2 plugins.
Preloading 0 native plugins for Editor in 0.00 ms.
Unloading 2362 Unused Serialized files (Serialized files now loaded: 0)
System memory in use before: 98.4 MB.
System memory in use after: 98.6 MB.

Unloading 17 unused Assets to reduce memory usage. Loaded Objects now: 2848.
Total: 5.319200 ms (FindLiveObjects: 0.521900 ms CreateObjectMapping: 0.311900 ms MarkObjects: 4.363200 ms  DeleteObjects: 0.119600 ms)

========================================================================
Received Prepare
Registering precompiled user dll's ...
Registered in 0.015490 seconds.
Begin MonoManager ReloadAssembly
Native extension for WindowsStandalone target not found
Native extension for WebGL target not found
Refreshing native plugins compatible for Editor in 1.35 ms, found 2 plugins.
Preloading 0 native plugins for Editor in 0.00 ms.
Invoked RoslynAnalysisRunner static constructor.
RoslynAnalysisRunner will not be running.
RoslynAnalysisRunner has terminated.
Mono: successfully reloaded assembly
- Completed reload, in  1.962 seconds
Platform modules already initialized, skipping
Refreshing native plugins compatible for Editor in 0.69 ms, found 2 plugins.
Preloading 0 native plugins for Editor in 0.00 ms.
Unloading 2362 Unused Serialized files (Serialized files now loaded: 0)
System memory in use before: 98.4 MB.
System memory in use after: 98.5 MB.

Unloading 17 unused Assets to reduce memory usage. Loaded Objects now: 2850.
Total: 3.646100 ms (FindLiveObjects: 0.340200 ms CreateObjectMapping: 0.214700 ms MarkObjects: 2.994300 ms  DeleteObjects: 0.094800 ms)

========================================================================
Received Prepare
Registering precompiled user dll's ...
Registered in 0.018343 seconds.
Begin MonoManager ReloadAssembly
Native extension for WindowsStandalone target not found
Native extension for WebGL target not found
Refreshing native plugins compatible for Editor in 0.71 ms, found 2 plugins.
Preloading 0 native plugins for Editor in 0.00 ms.
Invoked RoslynAnalysisRunner static constructor.
RoslynAnalysisRunner will not be running.
RoslynAnalysisRunner has terminated.
Mono: successfully reloaded assembly
- Completed reload, in  2.300 seconds
Platform modules already initialized, skipping
Refreshing native plugins compatible for Editor in 1.47 ms, found 2 plugins.
Preloading 0 native plugins for Editor in 0.00 ms.
Unloading 2362 Unused Serialized files (Serialized files now loaded: 0)
System memory in use before: 98.5 MB.
System memory in use after: 98.6 MB.

Unloading 17 unused Assets to reduce memory usage. Loaded Objects now: 2852.
Total: 4.356000 ms (FindLiveObjects: 0.345600 ms CreateObjectMapping: 0.266600 ms MarkObjects: 3.617800 ms  DeleteObjects: 0.123100 ms)

========================================================================
Received Prepare
Registering precompiled user dll's ...
Registered in 0.013079 seconds.
Begin MonoManager ReloadAssembly
Native extension for WindowsStandalone target not found
Native extension for WebGL target not found
Refreshing native plugins compatible for Editor in 0.60 ms, found 2 plugins.
Preloading 0 native plugins for Editor in 0.00 ms.
Invoked RoslynAnalysisRunner static constructor.
RoslynAnalysisRunner will not be running.
RoslynAnalysisRunner has terminated.
Mono: successfully reloaded assembly
- Completed reload, in  1.976 seconds
Platform modules already initialized, skipping
Refreshing native plugins compatible for Editor in 0.60 ms, found 2 plugins.
Preloading 0 native plugins for Editor in 0.00 ms.
Unloading 2362 Unused Serialized files (Serialized files now loaded: 0)
System memory in use before: 98.5 MB.
System memory in use after: 98.6 MB.

Unloading 17 unused Assets to reduce memory usage. Loaded Objects now: 2854.
Total: 3.698600 ms (FindLiveObjects: 0.340300 ms CreateObjectMapping: 0.162800 ms MarkObjects: 3.085800 ms  DeleteObjects: 0.106500 ms)

========================================================================
Received Import Request.
  Time since last request: 2701.651351 seconds.
  path: Assets/Creature/Player/AreaHandler.cs
  artifactKey: Guid(d4a0d27ca88a88b4a84e0eae1c20d998) Importer(815301076,1909f56bfc062723c751e8b465ee728b)
Start importing Assets/Creature/Player/AreaHandler.cs using Guid(d4a0d27ca88a88b4a84e0eae1c20d998) Importer(815301076,1909f56bfc062723c751e8b465ee728b)  -> (artifact id: 'c04d48480c87fe5883f865609332f7f4') in 0.045723 seconds
  Import took 0.127239 seconds .

========================================================================
Received Prepare
Registering precompiled user dll's ...
Registered in 0.014171 seconds.
Begin MonoManager ReloadAssembly
Native extension for WindowsStandalone target not found
Native extension for WebGL target not found
Refreshing native plugins compatible for Editor in 0.68 ms, found 2 plugins.
Preloading 0 native plugins for Editor in 0.00 ms.
Invoked RoslynAnalysisRunner static constructor.
RoslynAnalysisRunner will not be running.
RoslynAnalysisRunner has terminated.
Mono: successfully reloaded assembly
- Completed reload, in  2.133 seconds
Platform modules already initialized, skipping
Refreshing native plugins compatible for Editor in 0.83 ms, found 2 plugins.
Preloading 0 native plugins for Editor in 0.00 ms.
Unloading 2363 Unused Serialized files (Serialized files now loaded: 0)
System memory in use before: 98.5 MB.
System memory in use after: 98.7 MB.

Unloading 17 unused Assets to reduce memory usage. Loaded Objects now: 2857.
Total: 6.774400 ms (FindLiveObjects: 0.622400 ms CreateObjectMapping: 0.331600 ms MarkObjects: 5.732200 ms  DeleteObjects: 0.086100 ms)

========================================================================
Received Prepare
Registering precompiled user dll's ...
Registered in 0.148659 seconds.
Begin MonoManager ReloadAssembly
Native extension for WindowsStandalone target not found
Native extension for WebGL target not found
Refreshing native plugins compatible for Editor in 0.60 ms, found 2 plugins.
Preloading 0 native plugins for Editor in 0.00 ms.
Invoked RoslynAnalysisRunner static constructor.
RoslynAnalysisRunner will not be running.
RoslynAnalysisRunner has terminated.
Mono: successfully reloaded assembly
- Completed reload, in  3.168 seconds
Platform modules already initialized, skipping
Refreshing native plugins compatible for Editor in 0.63 ms, found 2 plugins.
Preloading 0 native plugins for Editor in 0.00 ms.
Unloading 2363 Unused Serialized files (Serialized files now loaded: 0)
System memory in use before: 98.5 MB.
System memory in use after: 98.7 MB.

Unloading 17 unused Assets to reduce memory usage. Loaded Objects now: 2859.
Total: 12.051800 ms (FindLiveObjects: 0.527400 ms CreateObjectMapping: 0.656100 ms MarkObjects: 10.765000 ms  DeleteObjects: 0.100600 ms)

========================================================================
Received Import Request.
  Time since last request: 909.855198 seconds.
  path: Assets/Creature/Player/AreaHandler.cs
  artifactKey: Guid(d4a0d27ca88a88b4a84e0eae1c20d998) Importer(815301076,1909f56bfc062723c751e8b465ee728b)
Start importing Assets/Creature/Player/AreaHandler.cs using Guid(d4a0d27ca88a88b4a84e0eae1c20d998) Importer(815301076,1909f56bfc062723c751e8b465ee728b)  -> (artifact id: 'f2f60d4a6a4245cb95d0bbb6318a55a5') in 0.071185 seconds
  Import took 0.471990 seconds .

========================================================================
Received Prepare
Registering precompiled user dll's ...
Registered in 0.158245 seconds.
Begin MonoManager ReloadAssembly
Native extension for WindowsStandalone target not found
Native extension for WebGL target not found
Refreshing native plugins compatible for Editor in 1.22 ms, found 2 plugins.
Preloading 0 native plugins for Editor in 0.00 ms.
Invoked RoslynAnalysisRunner static constructor.
RoslynAnalysisRunner will not be running.
RoslynAnalysisRunner has terminated.
Mono: successfully reloaded assembly
- Completed reload, in 11.719 seconds
Platform modules already initialized, skipping
Refreshing native plugins compatible for Editor in 0.88 ms, found 2 plugins.
Preloading 0 native plugins for Editor in 0.00 ms.
Unloading 2363 Unused Serialized files (Serialized files now loaded: 0)
System memory in use before: 98.4 MB.
System memory in use after: 98.6 MB.

Unloading 17 unused Assets to reduce memory usage. Loaded Objects now: 2861.
Total: 307.213400 ms (FindLiveObjects: 77.318000 ms CreateObjectMapping: 0.282700 ms MarkObjects: 216.334500 ms  DeleteObjects: 13.265900 ms)

