Using pre-set license
Built from '2020.3/staging' branch; Version is '2020.3.0f1 (c7b5465681fb) revision 13088070'; Using compiler version '192528614'; Build Type 'Release'
OS: 'Windows 10 Home; OS build 19042.1466; Version 2009; 64bit' Language: 'en' Physical Memory: 8101 MB
BatchMode: 1, IsHumanControllingUs: 0, StartBugReporterOnCrash: 0, Is64bit: 1, IsPro: 0

 COMMAND LINE ARGUMENTS:
D:\Program Files\Unity\Editor\2020.3.0f1\Editor\Unity.exe
-adb2
-batchMode
-noUpm
-name
AssetImportWorker3
-projectPath
D:/Documents/GitHub/GGJ-2022
-logFile
Logs/AssetImportWorker3.log
-srvPort
58085
Successfully changed project path to: D:/Documents/GitHub/GGJ-2022
D:/Documents/GitHub/GGJ-2022
Using Asset Import Pipeline V2.
Refreshing native plugins compatible for Editor in 68.95 ms, found 2 plugins.
Preloading 0 native plugins for Editor in 0.00 ms.
Initialize engine version: 2020.3.0f1 (c7b5465681fb)
[Subsystems] Discovering subsystems at path D:/Program Files/Unity/Editor/2020.3.0f1/Editor/Data/Resources/UnitySubsystems
[Subsystems] Discovering subsystems at path D:/Documents/GitHub/GGJ-2022/Assets
GfxDevice: creating device client; threaded=0
Direct3D:
    Version:  Direct3D 11.0 [level 11.1]
    Renderer: NVIDIA GeForce GTX 1050 (ID=0x1c8d)
    Vendor:   
    VRAM:     4021 MB
    Driver:   30.0.15.1123
Initialize mono
Mono path[0] = 'D:/Program Files/Unity/Editor/2020.3.0f1/Editor/Data/Managed'
Mono path[1] = 'D:/Program Files/Unity/Editor/2020.3.0f1/Editor/Data/MonoBleedingEdge/lib/mono/unityjit'
Mono config path = 'D:/Program Files/Unity/Editor/2020.3.0f1/Editor/Data/MonoBleedingEdge/etc'
Using monoOptions --debugger-agent=transport=dt_socket,embedding=1,server=y,suspend=n,address=127.0.0.1:56964
Begin MonoManager ReloadAssembly
Registering precompiled unity dll's ...
Register platform support module: D:/Program Files/Unity/Editor/2020.3.0f1/Editor/Data/PlaybackEngines/WebGLSupport/UnityEditor.WebGL.Extensions.dll
Register platform support module: D:/Program Files/Unity/Editor/2020.3.0f1/Editor/Data/PlaybackEngines/WindowsStandaloneSupport/UnityEditor.WindowsStandalone.Extensions.dll
Registered in 0.007181 seconds.
Native extension for WindowsStandalone target not found
Native extension for WebGL target not found
Refreshing native plugins compatible for Editor in 63.97 ms, found 2 plugins.
Preloading 0 native plugins for Editor in 0.00 ms.
Invoked RoslynAnalysisRunner static constructor.
RoslynAnalysisRunner will not be running.
RoslynAnalysisRunner has terminated.
Mono: successfully reloaded assembly
- Completed reload, in  2.102 seconds
Platform modules already initialized, skipping
Registering precompiled user dll's ...
Registered in 0.016787 seconds.
Begin MonoManager ReloadAssembly
Native extension for WindowsStandalone target not found
Native extension for WebGL target not found
Refreshing native plugins compatible for Editor in 70.06 ms, found 2 plugins.
Preloading 0 native plugins for Editor in 0.00 ms.
Invoked RoslynAnalysisRunner static constructor.
RoslynAnalysisRunner will not be running.
RoslynAnalysisRunner has terminated.
Mono: successfully reloaded assembly
- Completed reload, in  2.358 seconds
Platform modules already initialized, skipping
========================================================================
Worker process is ready to serve import requests
Launched and connected shader compiler UnityShaderCompiler.exe after 0.15 seconds
Refreshing native plugins compatible for Editor in 0.66 ms, found 2 plugins.
Preloading 0 native plugins for Editor in 0.00 ms.
Unloading 2368 Unused Serialized files (Serialized files now loaded: 0)
System memory in use before: 97.0 MB.
System memory in use after: 97.1 MB.

Unloading 24 unused Assets to reduce memory usage. Loaded Objects now: 2802.
Total: 148.915800 ms (FindLiveObjects: 0.376200 ms CreateObjectMapping: 0.217500 ms MarkObjects: 136.431100 ms  DeleteObjects: 11.887900 ms)

========================================================================
Received Import Request.
  path: Assets/Creature/Player Settings.asset
  artifactKey: Guid(5e08bd34e990c49448f24e92179c7b8a) Importer(815301076,1909f56bfc062723c751e8b465ee728b)
Start importing Assets/Creature/Player Settings.asset using Guid(5e08bd34e990c49448f24e92179c7b8a) Importer(815301076,1909f56bfc062723c751e8b465ee728b)  -> (artifact id: '3cb207bd706b8141625b71f1daa40892') in 0.161998 seconds
  Import took 0.196309 seconds .

========================================================================
Received Prepare
Registering precompiled user dll's ...
Registered in 0.022764 seconds.
Begin MonoManager ReloadAssembly
Native extension for WindowsStandalone target not found
Native extension for WebGL target not found
Refreshing native plugins compatible for Editor in 0.96 ms, found 2 plugins.
Preloading 0 native plugins for Editor in 0.00 ms.
Invoked RoslynAnalysisRunner static constructor.
RoslynAnalysisRunner will not be running.
RoslynAnalysisRunner has terminated.
Mono: successfully reloaded assembly
- Completed reload, in  2.976 seconds
Platform modules already initialized, skipping
Refreshing native plugins compatible for Editor in 0.71 ms, found 2 plugins.
Preloading 0 native plugins for Editor in 0.00 ms.
Unloading 2349 Unused Serialized files (Serialized files now loaded: 0)
System memory in use before: 96.9 MB.
System memory in use after: 97.1 MB.

Unloading 17 unused Assets to reduce memory usage. Loaded Objects now: 2804.
Total: 4.305000 ms (FindLiveObjects: 0.382800 ms CreateObjectMapping: 0.267600 ms MarkObjects: 3.566700 ms  DeleteObjects: 0.085900 ms)

========================================================================
Received Import Request.
  Time since last request: 212.790993 seconds.
  path: Assets/Creature/Player.prefab
  artifactKey: Guid(b8a12c60ce879674d83b8ce920c99edd) Importer(815301076,1909f56bfc062723c751e8b465ee728b)
Start importing Assets/Creature/Player.prefab using Guid(b8a12c60ce879674d83b8ce920c99edd) Importer(815301076,1909f56bfc062723c751e8b465ee728b)  -> (artifact id: 'f41d4bace11efa6f5de639ab85adef92') in 0.602294 seconds
  Import took 0.690913 seconds .

========================================================================
Received Import Request.
  Time since last request: 21.453560 seconds.
  path: Assets/Creature/MotionHandler.cs
  artifactKey: Guid(27424d2986ecc414a99251403fb574b4) Importer(815301076,1909f56bfc062723c751e8b465ee728b)
Start importing Assets/Creature/MotionHandler.cs using Guid(27424d2986ecc414a99251403fb574b4) Importer(815301076,1909f56bfc062723c751e8b465ee728b)  -> (artifact id: '55926064c2b3a77efe31493cc132603c') in 0.068215 seconds
  Import took 0.150330 seconds .

========================================================================
Received Prepare
Registering precompiled user dll's ...
Registered in 0.117531 seconds.
Begin MonoManager ReloadAssembly
Native extension for WindowsStandalone target not found
Native extension for WebGL target not found
Refreshing native plugins compatible for Editor in 6.41 ms, found 2 plugins.
Preloading 0 native plugins for Editor in 0.00 ms.
Invoked RoslynAnalysisRunner static constructor.
RoslynAnalysisRunner will not be running.
RoslynAnalysisRunner has terminated.
Mono: successfully reloaded assembly
- Completed reload, in  6.710 seconds
Platform modules already initialized, skipping
Refreshing native plugins compatible for Editor in 0.62 ms, found 2 plugins.
Preloading 0 native plugins for Editor in 0.00 ms.
Unloading 2349 Unused Serialized files (Serialized files now loaded: 0)
System memory in use before: 100.0 MB.
System memory in use after: 100.2 MB.

Unloading 18 unused Assets to reduce memory usage. Loaded Objects now: 2814.
Total: 5.214600 ms (FindLiveObjects: 1.476100 ms CreateObjectMapping: 0.310300 ms MarkObjects: 3.314500 ms  DeleteObjects: 0.106200 ms)

========================================================================
Received Import Request.
  Time since last request: 549.417676 seconds.
  path: Assets/Creature/MotionHandler.cs
  artifactKey: Guid(27424d2986ecc414a99251403fb574b4) Importer(815301076,1909f56bfc062723c751e8b465ee728b)
Start importing Assets/Creature/MotionHandler.cs using Guid(27424d2986ecc414a99251403fb574b4) Importer(815301076,1909f56bfc062723c751e8b465ee728b)  -> (artifact id: '623d9bd52aef2b9b6673d37ea87c5c41') in 0.021068 seconds
  Import took 0.063206 seconds .

========================================================================
Received Prepare
Registering precompiled user dll's ...
Registered in 0.015039 seconds.
Begin MonoManager ReloadAssembly
Native extension for WindowsStandalone target not found
Native extension for WebGL target not found
Refreshing native plugins compatible for Editor in 2.23 ms, found 2 plugins.
Preloading 0 native plugins for Editor in 0.00 ms.
Invoked RoslynAnalysisRunner static constructor.
RoslynAnalysisRunner will not be running.
RoslynAnalysisRunner has terminated.
Mono: successfully reloaded assembly
- Completed reload, in  2.246 seconds
Platform modules already initialized, skipping
Refreshing native plugins compatible for Editor in 0.63 ms, found 2 plugins.
Preloading 0 native plugins for Editor in 0.00 ms.
Unloading 2349 Unused Serialized files (Serialized files now loaded: 0)
System memory in use before: 100.0 MB.
System memory in use after: 100.2 MB.

Unloading 17 unused Assets to reduce memory usage. Loaded Objects now: 2816.
Total: 3.917000 ms (FindLiveObjects: 0.471600 ms CreateObjectMapping: 0.279700 ms MarkObjects: 3.063900 ms  DeleteObjects: 0.099600 ms)

========================================================================
Received Import Request.
  Time since last request: 98.062505 seconds.
  path: Assets/Creature/MotionHandler.cs
  artifactKey: Guid(27424d2986ecc414a99251403fb574b4) Importer(815301076,1909f56bfc062723c751e8b465ee728b)
Start importing Assets/Creature/MotionHandler.cs using Guid(27424d2986ecc414a99251403fb574b4) Importer(815301076,1909f56bfc062723c751e8b465ee728b)  -> (artifact id: 'b2e39c8cf23a3bd4a4d8905868772665') in 0.010812 seconds
  Import took 0.132918 seconds .

========================================================================
Received Import Request.
  Time since last request: 3.175181 seconds.
  path: Assets/Creature/MotionHandler.cs
  artifactKey: Guid(27424d2986ecc414a99251403fb574b4) Importer(815301076,1909f56bfc062723c751e8b465ee728b)
Start importing Assets/Creature/MotionHandler.cs using Guid(27424d2986ecc414a99251403fb574b4) Importer(815301076,1909f56bfc062723c751e8b465ee728b)  -> (artifact id: 'b2e39c8cf23a3bd4a4d8905868772665') in 0.011027 seconds
  Import took 0.018360 seconds .

========================================================================
Received Prepare
Registering precompiled user dll's ...
Registered in 0.018526 seconds.
Begin MonoManager ReloadAssembly
Native extension for WindowsStandalone target not found
Native extension for WebGL target not found
Refreshing native plugins compatible for Editor in 0.70 ms, found 2 plugins.
Preloading 0 native plugins for Editor in 0.00 ms.
Invoked RoslynAnalysisRunner static constructor.
RoslynAnalysisRunner will not be running.
RoslynAnalysisRunner has terminated.
Mono: successfully reloaded assembly
- Completed reload, in  2.182 seconds
Platform modules already initialized, skipping
Refreshing native plugins compatible for Editor in 2.64 ms, found 2 plugins.
Preloading 0 native plugins for Editor in 0.00 ms.
Unloading 2349 Unused Serialized files (Serialized files now loaded: 0)
System memory in use before: 100.0 MB.
System memory in use after: 100.2 MB.

Unloading 17 unused Assets to reduce memory usage. Loaded Objects now: 2818.
Total: 4.220600 ms (FindLiveObjects: 0.537000 ms CreateObjectMapping: 0.268800 ms MarkObjects: 3.310400 ms  DeleteObjects: 0.102100 ms)

========================================================================
Received Import Request.
  Time since last request: 273.136540 seconds.
  path: Assets/Creature
  artifactKey: Guid(fa66210036d9ee9438c0fc24c1e9ebf1) Importer(815301076,1909f56bfc062723c751e8b465ee728b)
Start importing Assets/Creature using Guid(fa66210036d9ee9438c0fc24c1e9ebf1) Importer(815301076,1909f56bfc062723c751e8b465ee728b)  -> (artifact id: '5625b90598469aa38597b1f74e3e4d82') in 0.121933 seconds
  Import took 0.203422 seconds .

========================================================================
Received Import Request.
  Time since last request: 4.862683 seconds.
  path: Assets/Creature
  artifactKey: Guid(fa66210036d9ee9438c0fc24c1e9ebf1) Importer(815301076,1909f56bfc062723c751e8b465ee728b)
Start importing Assets/Creature using Guid(fa66210036d9ee9438c0fc24c1e9ebf1) Importer(815301076,1909f56bfc062723c751e8b465ee728b)  -> (artifact id: '5625b90598469aa38597b1f74e3e4d82') in 0.006403 seconds
  Import took 0.029867 seconds .

========================================================================
Received Import Request.
  Time since last request: 14.544054 seconds.
  path: Assets/Creature/SimpleFollowCamera.cs
  artifactKey: Guid(a0f036d8928e34449a5d88d10e38590a) Importer(815301076,1909f56bfc062723c751e8b465ee728b)
Start importing Assets/Creature/SimpleFollowCamera.cs using Guid(a0f036d8928e34449a5d88d10e38590a) Importer(815301076,1909f56bfc062723c751e8b465ee728b)  -> (artifact id: '0c893e201f715890e78fd0b188b6c7ef') in 0.031350 seconds
  Import took 0.088932 seconds .

========================================================================
Received Prepare
Registering precompiled user dll's ...
Registered in 0.016300 seconds.
Begin MonoManager ReloadAssembly
Native extension for WindowsStandalone target not found
Native extension for WebGL target not found
Refreshing native plugins compatible for Editor in 0.61 ms, found 2 plugins.
Preloading 0 native plugins for Editor in 0.00 ms.
Invoked RoslynAnalysisRunner static constructor.
RoslynAnalysisRunner will not be running.
RoslynAnalysisRunner has terminated.
Mono: successfully reloaded assembly
- Completed reload, in  2.255 seconds
Platform modules already initialized, skipping
Refreshing native plugins compatible for Editor in 0.64 ms, found 2 plugins.
Preloading 0 native plugins for Editor in 0.00 ms.
Unloading 2350 Unused Serialized files (Serialized files now loaded: 0)
System memory in use before: 100.0 MB.
System memory in use after: 100.1 MB.

Unloading 17 unused Assets to reduce memory usage. Loaded Objects now: 2821.
Total: 3.811200 ms (FindLiveObjects: 0.362600 ms CreateObjectMapping: 0.218600 ms MarkObjects: 3.105400 ms  DeleteObjects: 0.122700 ms)

========================================================================
Received Prepare
Registering precompiled user dll's ...
Registered in 0.014110 seconds.
Begin MonoManager ReloadAssembly
Native extension for WindowsStandalone target not found
Native extension for WebGL target not found
Refreshing native plugins compatible for Editor in 1.13 ms, found 2 plugins.
Preloading 0 native plugins for Editor in 0.00 ms.
Invoked RoslynAnalysisRunner static constructor.
RoslynAnalysisRunner will not be running.
RoslynAnalysisRunner has terminated.
Mono: successfully reloaded assembly
- Completed reload, in  2.203 seconds
Platform modules already initialized, skipping
Refreshing native plugins compatible for Editor in 0.58 ms, found 2 plugins.
Preloading 0 native plugins for Editor in 0.00 ms.
Unloading 2350 Unused Serialized files (Serialized files now loaded: 0)
System memory in use before: 100.1 MB.
System memory in use after: 100.3 MB.

Unloading 17 unused Assets to reduce memory usage. Loaded Objects now: 2823.
Total: 4.104000 ms (FindLiveObjects: 0.580400 ms CreateObjectMapping: 0.323600 ms MarkObjects: 3.106600 ms  DeleteObjects: 0.091300 ms)

========================================================================
Received Import Request.
  Time since last request: 146.457920 seconds.
  path: Assets/Creature/SimpleFollowCamera.cs
  artifactKey: Guid(a0f036d8928e34449a5d88d10e38590a) Importer(815301076,1909f56bfc062723c751e8b465ee728b)
Start importing Assets/Creature/SimpleFollowCamera.cs using Guid(a0f036d8928e34449a5d88d10e38590a) Importer(815301076,1909f56bfc062723c751e8b465ee728b)  -> (artifact id: '6f297338bb9bcbcef3f7dd9470bf5677') in 0.013528 seconds
  Import took 0.131678 seconds .

========================================================================
Received Import Request.
  Time since last request: 119.778980 seconds.
  path: Assets/Creature/Player Settings.asset
  artifactKey: Guid(5e08bd34e990c49448f24e92179c7b8a) Importer(815301076,1909f56bfc062723c751e8b465ee728b)
Start importing Assets/Creature/Player Settings.asset using Guid(5e08bd34e990c49448f24e92179c7b8a) Importer(815301076,1909f56bfc062723c751e8b465ee728b)  -> (artifact id: '8967d3d35ec2cb15f637177a8ff9389d') in 0.063855 seconds
  Import took 0.096579 seconds .

========================================================================
Received Prepare
Registering precompiled user dll's ...
Registered in 0.017494 seconds.
Begin MonoManager ReloadAssembly
Native extension for WindowsStandalone target not found
Native extension for WebGL target not found
Refreshing native plugins compatible for Editor in 4.12 ms, found 2 plugins.
Preloading 0 native plugins for Editor in 0.00 ms.
Invoked RoslynAnalysisRunner static constructor.
RoslynAnalysisRunner will not be running.
RoslynAnalysisRunner has terminated.
Mono: successfully reloaded assembly
- Completed reload, in  3.174 seconds
Platform modules already initialized, skipping
Refreshing native plugins compatible for Editor in 0.66 ms, found 2 plugins.
Preloading 0 native plugins for Editor in 0.00 ms.
Unloading 2350 Unused Serialized files (Serialized files now loaded: 0)
System memory in use before: 100.1 MB.
System memory in use after: 100.3 MB.

Unloading 17 unused Assets to reduce memory usage. Loaded Objects now: 2825.
Total: 4.158200 ms (FindLiveObjects: 0.514700 ms CreateObjectMapping: 0.234400 ms MarkObjects: 3.287900 ms  DeleteObjects: 0.119300 ms)

========================================================================
Received Prepare
Registering precompiled user dll's ...
Registered in 0.241338 seconds.
Begin MonoManager ReloadAssembly
Native extension for WindowsStandalone target not found
Native extension for WebGL target not found
Refreshing native plugins compatible for Editor in 2.71 ms, found 2 plugins.
Preloading 0 native plugins for Editor in 0.00 ms.
Invoked RoslynAnalysisRunner static constructor.
RoslynAnalysisRunner will not be running.
RoslynAnalysisRunner has terminated.
Mono: successfully reloaded assembly
- Completed reload, in 52.116 seconds
Platform modules already initialized, skipping
Refreshing native plugins compatible for Editor in 22.99 ms, found 2 plugins.
Preloading 0 native plugins for Editor in 0.00 ms.
Unloading 2350 Unused Serialized files (Serialized files now loaded: 0)
System memory in use before: 100.1 MB.
System memory in use after: 100.3 MB.

Unloading 17 unused Assets to reduce memory usage. Loaded Objects now: 2827.
Total: 84.722500 ms (FindLiveObjects: 1.349900 ms CreateObjectMapping: 0.439000 ms MarkObjects: 8.141600 ms  DeleteObjects: 74.764900 ms)

========================================================================
Received Prepare
Registering precompiled user dll's ...
Registered in 0.681696 seconds.
Begin MonoManager ReloadAssembly
Native extension for WindowsStandalone target not found
Native extension for WebGL target not found
Refreshing native plugins compatible for Editor in 5.25 ms, found 2 plugins.
Preloading 0 native plugins for Editor in 0.00 ms.
Invoked RoslynAnalysisRunner static constructor.
RoslynAnalysisRunner will not be running.
RoslynAnalysisRunner has terminated.
Mono: successfully reloaded assembly
- Completed reload, in 13.751 seconds
Platform modules already initialized, skipping
Refreshing native plugins compatible for Editor in 0.58 ms, found 2 plugins.
Preloading 0 native plugins for Editor in 0.00 ms.
Unloading 2350 Unused Serialized files (Serialized files now loaded: 0)
System memory in use before: 100.1 MB.
System memory in use after: 100.3 MB.

Unloading 17 unused Assets to reduce memory usage. Loaded Objects now: 2829.
Total: 11.650100 ms (FindLiveObjects: 3.343900 ms CreateObjectMapping: 3.438700 ms MarkObjects: 4.772100 ms  DeleteObjects: 0.092000 ms)

========================================================================
Received Import Request.
  Time since last request: 13167.228963 seconds.
  path: Assets/GameArea/TerrainManager/TerrainManMat.mat
  artifactKey: Guid(d7536508def720c47b8c7ab23cd8d31c) Importer(815301076,1909f56bfc062723c751e8b465ee728b)
Start importing Assets/GameArea/TerrainManager/TerrainManMat.mat using Guid(d7536508def720c47b8c7ab23cd8d31c) Importer(815301076,1909f56bfc062723c751e8b465ee728b)  -> (artifact id: '10e2e5936b2c3b96a9b5142fef0547d6') in 3.768527 seconds
  Import took 3.871331 seconds .

========================================================================
Received Prepare
Registering precompiled user dll's ...
Registered in 0.252072 seconds.
Begin MonoManager ReloadAssembly
Native extension for WindowsStandalone target not found
Native extension for WebGL target not found
Refreshing native plugins compatible for Editor in 0.86 ms, found 2 plugins.
Preloading 0 native plugins for Editor in 0.00 ms.
Invoked RoslynAnalysisRunner static constructor.
RoslynAnalysisRunner will not be running.
RoslynAnalysisRunner has terminated.
Mono: successfully reloaded assembly
- Completed reload, in  7.006 seconds
Platform modules already initialized, skipping
Refreshing native plugins compatible for Editor in 2.30 ms, found 2 plugins.
Preloading 0 native plugins for Editor in 0.00 ms.
Unloading 2350 Unused Serialized files (Serialized files now loaded: 0)
System memory in use before: 100.2 MB.
System memory in use after: 100.4 MB.

Unloading 17 unused Assets to reduce memory usage. Loaded Objects now: 2865.
Total: 22.605800 ms (FindLiveObjects: 0.512000 ms CreateObjectMapping: 0.621300 ms MarkObjects: 21.221500 ms  DeleteObjects: 0.248600 ms)

========================================================================
Received Prepare
Registering precompiled user dll's ...
Registered in 0.116108 seconds.
Begin MonoManager ReloadAssembly
Native extension for WindowsStandalone target not found
Native extension for WebGL target not found
Refreshing native plugins compatible for Editor in 1.36 ms, found 2 plugins.
Preloading 0 native plugins for Editor in 0.00 ms.
Invoked RoslynAnalysisRunner static constructor.
RoslynAnalysisRunner will not be running.
RoslynAnalysisRunner has terminated.
Mono: successfully reloaded assembly
- Completed reload, in  3.024 seconds
Platform modules already initialized, skipping
Refreshing native plugins compatible for Editor in 0.66 ms, found 2 plugins.
Preloading 0 native plugins for Editor in 0.00 ms.
Unloading 2350 Unused Serialized files (Serialized files now loaded: 0)
System memory in use before: 100.4 MB.
System memory in use after: 100.6 MB.

Unloading 17 unused Assets to reduce memory usage. Loaded Objects now: 2867.
Total: 5.831200 ms (FindLiveObjects: 1.689700 ms CreateObjectMapping: 0.704200 ms MarkObjects: 3.344300 ms  DeleteObjects: 0.089700 ms)

========================================================================
Received Prepare
Registering precompiled user dll's ...
Registered in 0.026001 seconds.
Begin MonoManager ReloadAssembly
Native extension for WindowsStandalone target not found
Native extension for WebGL target not found
Refreshing native plugins compatible for Editor in 0.63 ms, found 2 plugins.
Preloading 0 native plugins for Editor in 0.00 ms.
Invoked RoslynAnalysisRunner static constructor.
RoslynAnalysisRunner will not be running.
RoslynAnalysisRunner has terminated.
Mono: successfully reloaded assembly
- Completed reload, in  3.309 seconds
Platform modules already initialized, skipping
Refreshing native plugins compatible for Editor in 0.81 ms, found 2 plugins.
Preloading 0 native plugins for Editor in 0.00 ms.
Unloading 2350 Unused Serialized files (Serialized files now loaded: 0)
System memory in use before: 100.4 MB.
System memory in use after: 100.6 MB.

Unloading 17 unused Assets to reduce memory usage. Loaded Objects now: 2869.
Total: 4.672100 ms (FindLiveObjects: 0.592600 ms CreateObjectMapping: 0.352500 ms MarkObjects: 3.616100 ms  DeleteObjects: 0.108900 ms)

========================================================================
Received Prepare
Registering precompiled user dll's ...
Registered in 0.184001 seconds.
Begin MonoManager ReloadAssembly
Native extension for WindowsStandalone target not found
Native extension for WebGL target not found
Refreshing native plugins compatible for Editor in 2.81 ms, found 2 plugins.
Preloading 0 native plugins for Editor in 0.00 ms.
Invoked RoslynAnalysisRunner static constructor.
RoslynAnalysisRunner will not be running.
RoslynAnalysisRunner has terminated.
Mono: successfully reloaded assembly
- Completed reload, in 10.789 seconds
Platform modules already initialized, skipping
Refreshing native plugins compatible for Editor in 9.90 ms, found 2 plugins.
Preloading 0 native plugins for Editor in 0.00 ms.
Unloading 2350 Unused Serialized files (Serialized files now loaded: 0)
System memory in use before: 100.4 MB.
System memory in use after: 100.6 MB.

Unloading 17 unused Assets to reduce memory usage. Loaded Objects now: 2871.
Total: 6.946400 ms (FindLiveObjects: 1.399500 ms CreateObjectMapping: 0.510300 ms MarkObjects: 4.896000 ms  DeleteObjects: 0.136800 ms)

========================================================================
Received Prepare
Registering precompiled user dll's ...
Registered in 0.022948 seconds.
Begin MonoManager ReloadAssembly
Native extension for WindowsStandalone target not found
Native extension for WebGL target not found
Refreshing native plugins compatible for Editor in 0.72 ms, found 2 plugins.
Preloading 0 native plugins for Editor in 0.00 ms.
Invoked RoslynAnalysisRunner static constructor.
RoslynAnalysisRunner will not be running.
RoslynAnalysisRunner has terminated.
Mono: successfully reloaded assembly
- Completed reload, in  4.008 seconds
Platform modules already initialized, skipping
Refreshing native plugins compatible for Editor in 0.91 ms, found 2 plugins.
Preloading 0 native plugins for Editor in 0.00 ms.
Unloading 2350 Unused Serialized files (Serialized files now loaded: 0)
System memory in use before: 100.4 MB.
System memory in use after: 100.6 MB.

Unloading 17 unused Assets to reduce memory usage. Loaded Objects now: 2873.
Total: 5.979300 ms (FindLiveObjects: 0.708600 ms CreateObjectMapping: 0.343700 ms MarkObjects: 4.774800 ms  DeleteObjects: 0.149700 ms)

========================================================================
Received Prepare
Registering precompiled user dll's ...
Registered in 0.038538 seconds.
Begin MonoManager ReloadAssembly
Native extension for WindowsStandalone target not found
Native extension for WebGL target not found
Refreshing native plugins compatible for Editor in 1.18 ms, found 2 plugins.
Preloading 0 native plugins for Editor in 0.00 ms.
Invoked RoslynAnalysisRunner static constructor.
RoslynAnalysisRunner will not be running.
RoslynAnalysisRunner has terminated.
Mono: successfully reloaded assembly
- Completed reload, in  3.803 seconds
Platform modules already initialized, skipping
Refreshing native plugins compatible for Editor in 0.81 ms, found 2 plugins.
Preloading 0 native plugins for Editor in 0.00 ms.
Unloading 2350 Unused Serialized files (Serialized files now loaded: 0)
System memory in use before: 100.3 MB.
System memory in use after: 100.5 MB.

Unloading 17 unused Assets to reduce memory usage. Loaded Objects now: 2875.
Total: 5.530300 ms (FindLiveObjects: 0.739900 ms CreateObjectMapping: 0.385300 ms MarkObjects: 4.282400 ms  DeleteObjects: 0.120400 ms)

========================================================================
Received Prepare
Registering precompiled user dll's ...
Registered in 0.080531 seconds.
Begin MonoManager ReloadAssembly
Native extension for WindowsStandalone target not found
Native extension for WebGL target not found
Refreshing native plugins compatible for Editor in 1.85 ms, found 2 plugins.
Preloading 0 native plugins for Editor in 0.00 ms.
Invoked RoslynAnalysisRunner static constructor.
RoslynAnalysisRunner will not be running.
RoslynAnalysisRunner has terminated.
Mono: successfully reloaded assembly
- Completed reload, in 22.117 seconds
Platform modules already initialized, skipping
Refreshing native plugins compatible for Editor in 0.77 ms, found 2 plugins.
Preloading 0 native plugins for Editor in 0.00 ms.
Unloading 2350 Unused Serialized files (Serialized files now loaded: 0)
System memory in use before: 100.4 MB.
System memory in use after: 100.6 MB.

Unloading 17 unused Assets to reduce memory usage. Loaded Objects now: 2877.
Total: 11.515900 ms (FindLiveObjects: 1.160300 ms CreateObjectMapping: 1.508700 ms MarkObjects: 8.661700 ms  DeleteObjects: 0.182000 ms)

========================================================================
Received Prepare
Registering precompiled user dll's ...
Registered in 0.139178 seconds.
Begin MonoManager ReloadAssembly
Native extension for WindowsStandalone target not found
Native extension for WebGL target not found
Refreshing native plugins compatible for Editor in 0.74 ms, found 2 plugins.
Preloading 0 native plugins for Editor in 0.00 ms.
Invoked RoslynAnalysisRunner static constructor.
RoslynAnalysisRunner will not be running.
RoslynAnalysisRunner has terminated.
Mono: successfully reloaded assembly
- Completed reload, in 16.641 seconds
Platform modules already initialized, skipping
Refreshing native plugins compatible for Editor in 96.66 ms, found 2 plugins.
Preloading 0 native plugins for Editor in 0.00 ms.
Unloading 2350 Unused Serialized files (Serialized files now loaded: 0)
System memory in use before: 100.4 MB.
System memory in use after: 100.6 MB.

Unloading 17 unused Assets to reduce memory usage. Loaded Objects now: 2879.
Total: 206.147800 ms (FindLiveObjects: 16.167000 ms CreateObjectMapping: 89.154600 ms MarkObjects: 100.579300 ms  DeleteObjects: 0.243000 ms)

========================================================================
Received Prepare
Registering precompiled user dll's ...
Registered in 0.027199 seconds.
Begin MonoManager ReloadAssembly
Native extension for WindowsStandalone target not found
Native extension for WebGL target not found
Refreshing native plugins compatible for Editor in 1.24 ms, found 2 plugins.
Preloading 0 native plugins for Editor in 0.00 ms.
Invoked RoslynAnalysisRunner static constructor.
RoslynAnalysisRunner will not be running.
RoslynAnalysisRunner has terminated.
Mono: successfully reloaded assembly
- Completed reload, in  3.880 seconds
Platform modules already initialized, skipping
Refreshing native plugins compatible for Editor in 1.22 ms, found 2 plugins.
Preloading 0 native plugins for Editor in 0.00 ms.
Unloading 2350 Unused Serialized files (Serialized files now loaded: 0)
System memory in use before: 100.5 MB.
System memory in use after: 100.6 MB.

Unloading 17 unused Assets to reduce memory usage. Loaded Objects now: 2881.
Total: 6.873200 ms (FindLiveObjects: 0.685900 ms CreateObjectMapping: 0.500200 ms MarkObjects: 5.529600 ms  DeleteObjects: 0.154000 ms)

========================================================================
Received Prepare
Registering precompiled user dll's ...
Registered in 0.033753 seconds.
Begin MonoManager ReloadAssembly
Native extension for WindowsStandalone target not found
Native extension for WebGL target not found
Refreshing native plugins compatible for Editor in 4.61 ms, found 2 plugins.
Preloading 0 native plugins for Editor in 0.00 ms.
Invoked RoslynAnalysisRunner static constructor.
RoslynAnalysisRunner will not be running.
RoslynAnalysisRunner has terminated.
Mono: successfully reloaded assembly
- Completed reload, in  3.077 seconds
Platform modules already initialized, skipping
Refreshing native plugins compatible for Editor in 0.63 ms, found 2 plugins.
Preloading 0 native plugins for Editor in 0.00 ms.
Unloading 2350 Unused Serialized files (Serialized files now loaded: 0)
System memory in use before: 100.5 MB.
System memory in use after: 100.6 MB.

Unloading 17 unused Assets to reduce memory usage. Loaded Objects now: 2883.
Total: 6.731800 ms (FindLiveObjects: 0.549100 ms CreateObjectMapping: 0.284800 ms MarkObjects: 5.794600 ms  DeleteObjects: 0.101200 ms)

========================================================================
Received Prepare
Registering precompiled user dll's ...
Registered in 0.652141 seconds.
Begin MonoManager ReloadAssembly
Native extension for WindowsStandalone target not found
Native extension for WebGL target not found
Refreshing native plugins compatible for Editor in 1.30 ms, found 2 plugins.
Preloading 0 native plugins for Editor in 0.00 ms.
Invoked RoslynAnalysisRunner static constructor.
RoslynAnalysisRunner will not be running.
RoslynAnalysisRunner has terminated.
Mono: successfully reloaded assembly
- Completed reload, in 19.902 seconds
Platform modules already initialized, skipping
Refreshing native plugins compatible for Editor in 0.61 ms, found 2 plugins.
Preloading 0 native plugins for Editor in 0.00 ms.
Unloading 2350 Unused Serialized files (Serialized files now loaded: 0)
System memory in use before: 100.4 MB.
System memory in use after: 100.5 MB.

Unloading 17 unused Assets to reduce memory usage. Loaded Objects now: 2885.
Total: 8.180100 ms (FindLiveObjects: 0.772800 ms CreateObjectMapping: 0.403700 ms MarkObjects: 6.824600 ms  DeleteObjects: 0.175800 ms)

========================================================================
Received Prepare
Registering precompiled user dll's ...
Registered in 1.107510 seconds.
Begin MonoManager ReloadAssembly
Native extension for WindowsStandalone target not found
Native extension for WebGL target not found
Refreshing native plugins compatible for Editor in 0.65 ms, found 2 plugins.
Preloading 0 native plugins for Editor in 0.00 ms.
Invoked RoslynAnalysisRunner static constructor.
RoslynAnalysisRunner will not be running.
RoslynAnalysisRunner has terminated.
Mono: successfully reloaded assembly
- Completed reload, in 11.882 seconds
Platform modules already initialized, skipping
Refreshing native plugins compatible for Editor in 0.59 ms, found 2 plugins.
Preloading 0 native plugins for Editor in 0.00 ms.
Unloading 2350 Unused Serialized files (Serialized files now loaded: 0)
System memory in use before: 100.5 MB.
System memory in use after: 100.7 MB.

Unloading 17 unused Assets to reduce memory usage. Loaded Objects now: 2887.
Total: 4.198500 ms (FindLiveObjects: 0.471700 ms CreateObjectMapping: 0.330500 ms MarkObjects: 3.304000 ms  DeleteObjects: 0.089500 ms)

========================================================================
Received Prepare
Registering precompiled user dll's ...
Registered in 0.020762 seconds.
Begin MonoManager ReloadAssembly
Native extension for WindowsStandalone target not found
Native extension for WebGL target not found
Refreshing native plugins compatible for Editor in 0.63 ms, found 2 plugins.
Preloading 0 native plugins for Editor in 0.00 ms.
Invoked RoslynAnalysisRunner static constructor.
RoslynAnalysisRunner will not be running.
RoslynAnalysisRunner has terminated.
Mono: successfully reloaded assembly
- Completed reload, in  3.899 seconds
Platform modules already initialized, skipping
Refreshing native plugins compatible for Editor in 0.72 ms, found 2 plugins.
Preloading 0 native plugins for Editor in 0.00 ms.
Unloading 2350 Unused Serialized files (Serialized files now loaded: 0)
System memory in use before: 100.5 MB.
System memory in use after: 100.7 MB.

Unloading 17 unused Assets to reduce memory usage. Loaded Objects now: 2889.
Total: 3.811300 ms (FindLiveObjects: 0.418700 ms CreateObjectMapping: 0.231400 ms MarkObjects: 3.054300 ms  DeleteObjects: 0.096900 ms)

AssetImportWorkerClient::OnTransportError - code=2 error=End of file
