Using pre-set license
Built from '2020.3/staging' branch; Version is '2020.3.0f1 (c7b5465681fb) revision 13088070'; Using compiler version '192528614'; Build Type 'Release'
OS: 'Windows 10 Home; OS build 19044.1466; Version 2009; 64bit' Language: 'en' Physical Memory: 8101 MB
BatchMode: 1, IsHumanControllingUs: 0, StartBugReporterOnCrash: 0, Is64bit: 1, IsPro: 0

 COMMAND LINE ARGUMENTS:
D:\Program Files\Unity\Editor\2020.3.0f1\Editor\Unity.exe
-adb2
-batchMode
-noUpm
-name
AssetImportWorker0
-projectPath
D:/Documents/GitHub/GGJ-2022
-logFile
Logs/AssetImportWorker0.log
-srvPort
59482
Successfully changed project path to: D:/Documents/GitHub/GGJ-2022
D:/Documents/GitHub/GGJ-2022
Using Asset Import Pipeline V2.
Refreshing native plugins compatible for Editor in 85.83 ms, found 2 plugins.
Preloading 0 native plugins for Editor in 0.00 ms.
Initialize engine version: 2020.3.0f1 (c7b5465681fb)
[Subsystems] Discovering subsystems at path D:/Program Files/Unity/Editor/2020.3.0f1/Editor/Data/Resources/UnitySubsystems
[Subsystems] Discovering subsystems at path D:/Documents/GitHub/GGJ-2022/Assets
GfxDevice: creating device client; threaded=0
Direct3D:
    Version:  Direct3D 11.0 [level 11.1]
    Renderer: NVIDIA GeForce GTX 1050 (ID=0x1c8d)
    Vendor:   
    VRAM:     4021 MB
    Driver:   30.0.15.1165
Initialize mono
Mono path[0] = 'D:/Program Files/Unity/Editor/2020.3.0f1/Editor/Data/Managed'
Mono path[1] = 'D:/Program Files/Unity/Editor/2020.3.0f1/Editor/Data/MonoBleedingEdge/lib/mono/unityjit'
Mono config path = 'D:/Program Files/Unity/Editor/2020.3.0f1/Editor/Data/MonoBleedingEdge/etc'
Using monoOptions --debugger-agent=transport=dt_socket,embedding=1,server=y,suspend=n,address=127.0.0.1:56016
Begin MonoManager ReloadAssembly
Registering precompiled unity dll's ...
Register platform support module: D:/Program Files/Unity/Editor/2020.3.0f1/Editor/Data/PlaybackEngines/WebGLSupport/UnityEditor.WebGL.Extensions.dll
Register platform support module: D:/Program Files/Unity/Editor/2020.3.0f1/Editor/Data/PlaybackEngines/WindowsStandaloneSupport/UnityEditor.WindowsStandalone.Extensions.dll
Registered in 0.007990 seconds.
Native extension for WindowsStandalone target not found
Native extension for WebGL target not found
Refreshing native plugins compatible for Editor in 107.22 ms, found 2 plugins.
Preloading 0 native plugins for Editor in 0.00 ms.
Invoked RoslynAnalysisRunner static constructor.
RoslynAnalysisRunner will not be running.
RoslynAnalysisRunner has terminated.
Mono: successfully reloaded assembly
- Completed reload, in  3.249 seconds
Platform modules already initialized, skipping
Registering precompiled user dll's ...
Registered in 0.015164 seconds.
Begin MonoManager ReloadAssembly
Native extension for WindowsStandalone target not found
Native extension for WebGL target not found
Refreshing native plugins compatible for Editor in 105.81 ms, found 2 plugins.
Preloading 0 native plugins for Editor in 0.00 ms.
Invoked RoslynAnalysisRunner static constructor.
RoslynAnalysisRunner will not be running.
RoslynAnalysisRunner has terminated.
Mono: successfully reloaded assembly
- Completed reload, in  4.870 seconds
Platform modules already initialized, skipping
========================================================================
Worker process is ready to serve import requests
Launched and connected shader compiler UnityShaderCompiler.exe after 0.14 seconds
Refreshing native plugins compatible for Editor in 1.47 ms, found 2 plugins.
Preloading 0 native plugins for Editor in 0.00 ms.
Unloading 2378 Unused Serialized files (Serialized files now loaded: 0)
System memory in use before: 97.3 MB.
System memory in use after: 97.5 MB.

Unloading 24 unused Assets to reduce memory usage. Loaded Objects now: 2812.
Total: 8.441800 ms (FindLiveObjects: 0.603100 ms CreateObjectMapping: 0.290900 ms MarkObjects: 7.343500 ms  DeleteObjects: 0.201200 ms)

========================================================================
Received Import Request.
  path: Assets/GameArea/DungeonManager/Floors
  artifactKey: Guid(bda33ed14cc9f8840bbafb19129b0086) Importer(815301076,1909f56bfc062723c751e8b465ee728b)
Start importing Assets/GameArea/DungeonManager/Floors using Guid(bda33ed14cc9f8840bbafb19129b0086) Importer(815301076,1909f56bfc062723c751e8b465ee728b)  -> (artifact id: '00df95c65dc1854ca8d86120f940c868') in 0.085863 seconds
  Import took 0.114658 seconds .

========================================================================
Received Prepare
Registering precompiled user dll's ...
Registered in 0.012955 seconds.
Begin MonoManager ReloadAssembly
Native extension for WindowsStandalone target not found
Native extension for WebGL target not found
Refreshing native plugins compatible for Editor in 0.80 ms, found 2 plugins.
Preloading 0 native plugins for Editor in 0.00 ms.
Invoked RoslynAnalysisRunner static constructor.
RoslynAnalysisRunner will not be running.
RoslynAnalysisRunner has terminated.
Mono: successfully reloaded assembly
- Completed reload, in  2.854 seconds
Platform modules already initialized, skipping
Refreshing native plugins compatible for Editor in 0.69 ms, found 2 plugins.
Preloading 0 native plugins for Editor in 0.00 ms.
Unloading 2359 Unused Serialized files (Serialized files now loaded: 0)
System memory in use before: 97.3 MB.
System memory in use after: 97.4 MB.

Unloading 17 unused Assets to reduce memory usage. Loaded Objects now: 2814.
Total: 4.784400 ms (FindLiveObjects: 0.596300 ms CreateObjectMapping: 0.495700 ms MarkObjects: 3.576800 ms  DeleteObjects: 0.112500 ms)

========================================================================
Received Prepare
Registering precompiled user dll's ...
Registered in 0.015774 seconds.
Begin MonoManager ReloadAssembly
Native extension for WindowsStandalone target not found
Native extension for WebGL target not found
Refreshing native plugins compatible for Editor in 0.74 ms, found 2 plugins.
Preloading 0 native plugins for Editor in 0.00 ms.
Invoked RoslynAnalysisRunner static constructor.
RoslynAnalysisRunner will not be running.
RoslynAnalysisRunner has terminated.
Mono: successfully reloaded assembly
- Completed reload, in  2.243 seconds
Platform modules already initialized, skipping
Refreshing native plugins compatible for Editor in 0.70 ms, found 2 plugins.
Preloading 0 native plugins for Editor in 0.00 ms.
Unloading 2359 Unused Serialized files (Serialized files now loaded: 0)
System memory in use before: 97.3 MB.
System memory in use after: 97.5 MB.

Unloading 17 unused Assets to reduce memory usage. Loaded Objects now: 2816.
Total: 5.048300 ms (FindLiveObjects: 0.757400 ms CreateObjectMapping: 0.360400 ms MarkObjects: 3.817400 ms  DeleteObjects: 0.110200 ms)

========================================================================
Received Import Request.
  Time since last request: 30.663207 seconds.
  path: Assets/GameArea/DungeonManager/WallMap.cs
  artifactKey: Guid(f8b02729d7b541c499536bb98acf2deb) Importer(815301076,1909f56bfc062723c751e8b465ee728b)
Start importing Assets/GameArea/DungeonManager/WallMap.cs using Guid(f8b02729d7b541c499536bb98acf2deb) Importer(815301076,1909f56bfc062723c751e8b465ee728b)  -> (artifact id: '925fac2d79276de74936de2ca96067fb') in 0.275200 seconds
  Import took 0.316501 seconds .

========================================================================
Received Import Request.
  Time since last request: 3.022377 seconds.
  path: Assets/GameArea/DungeonManager/RoomDimension.cs
  artifactKey: Guid(c41bb647e0b54b1985fe93e06ebbd860) Importer(815301076,1909f56bfc062723c751e8b465ee728b)
Start importing Assets/GameArea/DungeonManager/RoomDimension.cs using Guid(c41bb647e0b54b1985fe93e06ebbd860) Importer(815301076,1909f56bfc062723c751e8b465ee728b)  -> (artifact id: 'f2fc139f8c487ae72da2e0522c3cee5e') in 0.011862 seconds
  Import took 0.139401 seconds .

========================================================================
Received Prepare
Registering precompiled user dll's ...
Registered in 0.022115 seconds.
Begin MonoManager ReloadAssembly
Native extension for WindowsStandalone target not found
Native extension for WebGL target not found
Refreshing native plugins compatible for Editor in 0.71 ms, found 2 plugins.
Preloading 0 native plugins for Editor in 0.00 ms.
Invoked RoslynAnalysisRunner static constructor.
RoslynAnalysisRunner will not be running.
RoslynAnalysisRunner has terminated.
Mono: successfully reloaded assembly
- Completed reload, in  2.398 seconds
Platform modules already initialized, skipping
Refreshing native plugins compatible for Editor in 0.93 ms, found 2 plugins.
Preloading 0 native plugins for Editor in 0.00 ms.
Unloading 2359 Unused Serialized files (Serialized files now loaded: 0)
System memory in use before: 97.3 MB.
System memory in use after: 97.5 MB.

Unloading 17 unused Assets to reduce memory usage. Loaded Objects now: 2818.
Total: 6.342900 ms (FindLiveObjects: 2.542700 ms CreateObjectMapping: 0.502600 ms MarkObjects: 3.198000 ms  DeleteObjects: 0.097900 ms)

========================================================================
Received Import Request.
  Time since last request: 121.960011 seconds.
  path: Assets/Depenancy Injection
  artifactKey: Guid(066803df93c31e04b9321c3b6bc167ed) Importer(815301076,1909f56bfc062723c751e8b465ee728b)
Start importing Assets/Depenancy Injection using Guid(066803df93c31e04b9321c3b6bc167ed) Importer(815301076,1909f56bfc062723c751e8b465ee728b)  -> (artifact id: 'd1fa6b2a29ae65a2cfdb6da6abd701e1') in 0.032881 seconds
  Import took 0.084451 seconds .

========================================================================
Received Import Request.
  Time since last request: 61.277536 seconds.
  path: Assets/GameArea/DungeonManager/DependencyManager.cs
  artifactKey: Guid(147db0c437cb4400a02f92f368a03358) Importer(815301076,1909f56bfc062723c751e8b465ee728b)
Start importing Assets/GameArea/DungeonManager/DependencyManager.cs using Guid(147db0c437cb4400a02f92f368a03358) Importer(815301076,1909f56bfc062723c751e8b465ee728b)  -> (artifact id: '4be98e83c017700e7ec52c19ccda697b') in 0.012807 seconds
  Import took 0.115156 seconds .

========================================================================
Received Prepare
Registering precompiled user dll's ...
Registered in 0.016389 seconds.
Begin MonoManager ReloadAssembly
Native extension for WindowsStandalone target not found
Native extension for WebGL target not found
Refreshing native plugins compatible for Editor in 0.74 ms, found 2 plugins.
Preloading 0 native plugins for Editor in 0.00 ms.
Invoked RoslynAnalysisRunner static constructor.
RoslynAnalysisRunner will not be running.
RoslynAnalysisRunner has terminated.
Mono: successfully reloaded assembly
- Completed reload, in  2.217 seconds
Platform modules already initialized, skipping
Refreshing native plugins compatible for Editor in 0.63 ms, found 2 plugins.
Preloading 0 native plugins for Editor in 0.00 ms.
Unloading 2359 Unused Serialized files (Serialized files now loaded: 0)
System memory in use before: 97.4 MB.
System memory in use after: 97.5 MB.

Unloading 17 unused Assets to reduce memory usage. Loaded Objects now: 2820.
Total: 4.613100 ms (FindLiveObjects: 0.519300 ms CreateObjectMapping: 0.340300 ms MarkObjects: 3.453500 ms  DeleteObjects: 0.297500 ms)

========================================================================
Received Import Request.
  Time since last request: 32.729899 seconds.
  path: Assets/Events
  artifactKey: Guid(8d1bacca54460de4a9594dccaa5481da) Importer(815301076,1909f56bfc062723c751e8b465ee728b)
Start importing Assets/Events using Guid(8d1bacca54460de4a9594dccaa5481da) Importer(815301076,1909f56bfc062723c751e8b465ee728b)  -> (artifact id: '357ad7d69642ccb28ac8d53f141ebe45') in 0.023847 seconds
  Import took 0.064295 seconds .

========================================================================
Received Import Request.
  Time since last request: 0.063415 seconds.
  path: Assets/Events
  artifactKey: Guid(8d1bacca54460de4a9594dccaa5481da) Importer(815301076,1909f56bfc062723c751e8b465ee728b)
Start importing Assets/Events using Guid(8d1bacca54460de4a9594dccaa5481da) Importer(815301076,1909f56bfc062723c751e8b465ee728b)  -> (artifact id: '357ad7d69642ccb28ac8d53f141ebe45') in 0.011024 seconds
  Import took 0.019435 seconds .

========================================================================
Received Prepare
Registering precompiled user dll's ...
Registered in 0.016001 seconds.
Begin MonoManager ReloadAssembly
Native extension for WindowsStandalone target not found
Native extension for WebGL target not found
Refreshing native plugins compatible for Editor in 0.62 ms, found 2 plugins.
Preloading 0 native plugins for Editor in 0.00 ms.
Invoked RoslynAnalysisRunner static constructor.
RoslynAnalysisRunner will not be running.
RoslynAnalysisRunner has terminated.
Mono: successfully reloaded assembly
- Completed reload, in  2.012 seconds
Platform modules already initialized, skipping
Refreshing native plugins compatible for Editor in 0.95 ms, found 2 plugins.
Preloading 0 native plugins for Editor in 0.00 ms.
Unloading 2359 Unused Serialized files (Serialized files now loaded: 0)
System memory in use before: 97.3 MB.
System memory in use after: 97.4 MB.

Unloading 17 unused Assets to reduce memory usage. Loaded Objects now: 2822.
Total: 5.346600 ms (FindLiveObjects: 0.694900 ms CreateObjectMapping: 0.453900 ms MarkObjects: 4.049700 ms  DeleteObjects: 0.144800 ms)

========================================================================
Received Import Request.
  Time since last request: 27.748655 seconds.
  path: Assets/Helper
  artifactKey: Guid(6014f989f9cb78c4c8a9d6f02b914825) Importer(815301076,1909f56bfc062723c751e8b465ee728b)
Start importing Assets/Helper using Guid(6014f989f9cb78c4c8a9d6f02b914825) Importer(815301076,1909f56bfc062723c751e8b465ee728b)  -> (artifact id: '61d9897745b957307451933889618304') in 0.060116 seconds
  Import took 0.127222 seconds .

========================================================================
Received Prepare
Registering precompiled user dll's ...
Registered in 0.019283 seconds.
Begin MonoManager ReloadAssembly
Native extension for WindowsStandalone target not found
Native extension for WebGL target not found
Refreshing native plugins compatible for Editor in 0.68 ms, found 2 plugins.
Preloading 0 native plugins for Editor in 0.00 ms.
Invoked RoslynAnalysisRunner static constructor.
RoslynAnalysisRunner will not be running.
RoslynAnalysisRunner has terminated.
Mono: successfully reloaded assembly
- Completed reload, in  2.350 seconds
Platform modules already initialized, skipping
Refreshing native plugins compatible for Editor in 0.78 ms, found 2 plugins.
Preloading 0 native plugins for Editor in 0.00 ms.
Unloading 2359 Unused Serialized files (Serialized files now loaded: 0)
System memory in use before: 97.4 MB.
System memory in use after: 97.5 MB.

Unloading 17 unused Assets to reduce memory usage. Loaded Objects now: 2824.
Total: 4.364200 ms (FindLiveObjects: 0.451000 ms CreateObjectMapping: 0.292000 ms MarkObjects: 3.512200 ms  DeleteObjects: 0.106900 ms)

========================================================================
Received Import Request.
  Time since last request: 55.617934 seconds.
  path: Assets/DungeonManager
  artifactKey: Guid(296b553121885194ab0dbf07aca037b6) Importer(815301076,1909f56bfc062723c751e8b465ee728b)
Start importing Assets/DungeonManager using Guid(296b553121885194ab0dbf07aca037b6) Importer(815301076,1909f56bfc062723c751e8b465ee728b)  -> (artifact id: '8d1e547f985768c1ac0df0496099c45d') in 0.023493 seconds
  Import took 0.175627 seconds .

========================================================================
Received Import Request.
  Time since last request: 8.394496 seconds.
  path: Assets/DungeonManager/Areas
  artifactKey: Guid(51705494efe0d5f49ad1deea09d75689) Importer(815301076,1909f56bfc062723c751e8b465ee728b)
Start importing Assets/DungeonManager/Areas using Guid(51705494efe0d5f49ad1deea09d75689) Importer(815301076,1909f56bfc062723c751e8b465ee728b)  -> (artifact id: '2ffc3b8ba7895be9a92256bb28fef085') in 0.018179 seconds
  Import took 0.053709 seconds .

========================================================================
Received Import Request.
  Time since last request: 4.974719 seconds.
  path: Assets/DungeonManager/AreaHelper.cs
  artifactKey: Guid(5c9f7ffc23da48269f50d0d9a831f994) Importer(815301076,1909f56bfc062723c751e8b465ee728b)
Start importing Assets/DungeonManager/AreaHelper.cs using Guid(5c9f7ffc23da48269f50d0d9a831f994) Importer(815301076,1909f56bfc062723c751e8b465ee728b)  -> (artifact id: '9678c79b5bfa530a8500d4924d3dadb1') in 0.015811 seconds
  Import took 0.073012 seconds .

========================================================================
Received Import Request.
  Time since last request: 0.781929 seconds.
  path: Assets/DungeonManager/AreaBuilder.cs
  artifactKey: Guid(4269613b543147e1a9baa4c407392031) Importer(815301076,1909f56bfc062723c751e8b465ee728b)
Start importing Assets/DungeonManager/AreaBuilder.cs using Guid(4269613b543147e1a9baa4c407392031) Importer(815301076,1909f56bfc062723c751e8b465ee728b)  -> (artifact id: '6141a02322733dbd9c070ab2828869ea') in 0.014708 seconds
  Import took 0.050082 seconds .

========================================================================
Received Import Request.
  Time since last request: 0.001084 seconds.
  path: Assets/DungeonManager/AreaBuilder.cs
  artifactKey: Guid(4269613b543147e1a9baa4c407392031) Importer(815301076,1909f56bfc062723c751e8b465ee728b)
Start importing Assets/DungeonManager/AreaBuilder.cs using Guid(4269613b543147e1a9baa4c407392031) Importer(815301076,1909f56bfc062723c751e8b465ee728b)  -> (artifact id: '6141a02322733dbd9c070ab2828869ea') in 0.008113 seconds
  Import took 0.015747 seconds .

========================================================================
Received Prepare
Registering precompiled user dll's ...
Registered in 0.018491 seconds.
Begin MonoManager ReloadAssembly
Native extension for WindowsStandalone target not found
Native extension for WebGL target not found
Refreshing native plugins compatible for Editor in 0.65 ms, found 2 plugins.
Preloading 0 native plugins for Editor in 0.00 ms.
Invoked RoslynAnalysisRunner static constructor.
RoslynAnalysisRunner will not be running.
RoslynAnalysisRunner has terminated.
Mono: successfully reloaded assembly
- Completed reload, in  2.332 seconds
Platform modules already initialized, skipping
Refreshing native plugins compatible for Editor in 8.41 ms, found 2 plugins.
Preloading 0 native plugins for Editor in 0.00 ms.
Unloading 2359 Unused Serialized files (Serialized files now loaded: 0)
System memory in use before: 97.4 MB.
System memory in use after: 97.6 MB.

Unloading 17 unused Assets to reduce memory usage. Loaded Objects now: 2826.
Total: 4.202900 ms (FindLiveObjects: 0.359700 ms CreateObjectMapping: 0.222000 ms MarkObjects: 3.529200 ms  DeleteObjects: 0.090200 ms)

========================================================================
Received Prepare
Registering precompiled user dll's ...
Registered in 0.016065 seconds.
Begin MonoManager ReloadAssembly
Native extension for WindowsStandalone target not found
Native extension for WebGL target not found
Refreshing native plugins compatible for Editor in 0.92 ms, found 2 plugins.
Preloading 0 native plugins for Editor in 0.00 ms.
Invoked RoslynAnalysisRunner static constructor.
RoslynAnalysisRunner will not be running.
RoslynAnalysisRunner has terminated.
Mono: successfully reloaded assembly
- Completed reload, in  2.202 seconds
Platform modules already initialized, skipping
Refreshing native plugins compatible for Editor in 1.35 ms, found 2 plugins.
Preloading 0 native plugins for Editor in 0.00 ms.
Unloading 2359 Unused Serialized files (Serialized files now loaded: 0)
System memory in use before: 97.4 MB.
System memory in use after: 97.6 MB.

Unloading 17 unused Assets to reduce memory usage. Loaded Objects now: 2828.
Total: 4.777100 ms (FindLiveObjects: 0.799400 ms CreateObjectMapping: 0.586400 ms MarkObjects: 3.295100 ms  DeleteObjects: 0.092900 ms)

========================================================================
Received Import Request.
  Time since last request: 32.951388 seconds.
  path: Assets/DungeonManager/Limit.cs
  artifactKey: Guid(89e2037f56f847d992c9d43745b003d0) Importer(815301076,1909f56bfc062723c751e8b465ee728b)
Start importing Assets/DungeonManager/Limit.cs using Guid(89e2037f56f847d992c9d43745b003d0) Importer(815301076,1909f56bfc062723c751e8b465ee728b)  -> (artifact id: '457f7119aee3d75f1f7cbd926605df4e') in 0.015728 seconds
  Import took 0.130814 seconds .

========================================================================
Received Prepare
Registering precompiled user dll's ...
Registered in 0.021797 seconds.
Begin MonoManager ReloadAssembly
Native extension for WindowsStandalone target not found
Native extension for WebGL target not found
Refreshing native plugins compatible for Editor in 0.66 ms, found 2 plugins.
Preloading 0 native plugins for Editor in 0.00 ms.
Invoked RoslynAnalysisRunner static constructor.
RoslynAnalysisRunner will not be running.
RoslynAnalysisRunner has terminated.
Mono: successfully reloaded assembly
- Completed reload, in  2.431 seconds
Platform modules already initialized, skipping
Refreshing native plugins compatible for Editor in 0.62 ms, found 2 plugins.
Preloading 0 native plugins for Editor in 0.00 ms.
Unloading 2359 Unused Serialized files (Serialized files now loaded: 0)
System memory in use before: 97.4 MB.
System memory in use after: 97.6 MB.

Unloading 17 unused Assets to reduce memory usage. Loaded Objects now: 2830.
Total: 4.133300 ms (FindLiveObjects: 0.675100 ms CreateObjectMapping: 0.287700 ms MarkObjects: 3.052800 ms  DeleteObjects: 0.114800 ms)

