Using pre-set license
Built from '2020.3/staging' branch; Version is '2020.3.0f1 (c7b5465681fb) revision 13088070'; Using compiler version '192528614'; Build Type 'Release'
OS: 'Windows 10 Home; OS build 19042.1466; Version 2009; 64bit' Language: 'en' Physical Memory: 8101 MB
BatchMode: 1, IsHumanControllingUs: 0, StartBugReporterOnCrash: 0, Is64bit: 1, IsPro: 0

 COMMAND LINE ARGUMENTS:
D:\Program Files\Unity\Editor\2020.3.0f1\Editor\Unity.exe
-adb2
-batchMode
-noUpm
-name
AssetImportWorker4
-projectPath
D:/Documents/GitHub/GGJ-2022
-logFile
Logs/AssetImportWorker4.log
-srvPort
52845
Successfully changed project path to: D:/Documents/GitHub/GGJ-2022
D:/Documents/GitHub/GGJ-2022
Using Asset Import Pipeline V2.
Refreshing native plugins compatible for Editor in 87.84 ms, found 2 plugins.
Preloading 0 native plugins for Editor in 0.00 ms.
Initialize engine version: 2020.3.0f1 (c7b5465681fb)
[Subsystems] Discovering subsystems at path D:/Program Files/Unity/Editor/2020.3.0f1/Editor/Data/Resources/UnitySubsystems
[Subsystems] Discovering subsystems at path D:/Documents/GitHub/GGJ-2022/Assets
GfxDevice: creating device client; threaded=0
Direct3D:
    Version:  Direct3D 11.0 [level 11.1]
    Renderer: NVIDIA GeForce GTX 1050 (ID=0x1c8d)
    Vendor:   
    VRAM:     4021 MB
    Driver:   30.0.15.1123
Initialize mono
Mono path[0] = 'D:/Program Files/Unity/Editor/2020.3.0f1/Editor/Data/Managed'
Mono path[1] = 'D:/Program Files/Unity/Editor/2020.3.0f1/Editor/Data/MonoBleedingEdge/lib/mono/unityjit'
Mono config path = 'D:/Program Files/Unity/Editor/2020.3.0f1/Editor/Data/MonoBleedingEdge/etc'
Using monoOptions --debugger-agent=transport=dt_socket,embedding=1,server=y,suspend=n,address=127.0.0.1:56380
Begin MonoManager ReloadAssembly
Registering precompiled unity dll's ...
Register platform support module: D:/Program Files/Unity/Editor/2020.3.0f1/Editor/Data/PlaybackEngines/WebGLSupport/UnityEditor.WebGL.Extensions.dll
Register platform support module: D:/Program Files/Unity/Editor/2020.3.0f1/Editor/Data/PlaybackEngines/WindowsStandaloneSupport/UnityEditor.WindowsStandalone.Extensions.dll
Registered in 0.007177 seconds.
Native extension for WindowsStandalone target not found
Native extension for WebGL target not found
Refreshing native plugins compatible for Editor in 74.44 ms, found 2 plugins.
Preloading 0 native plugins for Editor in 0.00 ms.
Invoked RoslynAnalysisRunner static constructor.
RoslynAnalysisRunner will not be running.
RoslynAnalysisRunner has terminated.
Mono: successfully reloaded assembly
- Completed reload, in  2.422 seconds
Platform modules already initialized, skipping
Registering precompiled user dll's ...
Registered in 0.015724 seconds.
Begin MonoManager ReloadAssembly
Native extension for WindowsStandalone target not found
Native extension for WebGL target not found
Refreshing native plugins compatible for Editor in 98.32 ms, found 2 plugins.
Preloading 0 native plugins for Editor in 0.00 ms.
Invoked RoslynAnalysisRunner static constructor.
RoslynAnalysisRunner will not be running.
RoslynAnalysisRunner has terminated.
Mono: successfully reloaded assembly
- Completed reload, in  2.803 seconds
Platform modules already initialized, skipping
========================================================================
Worker process is ready to serve import requests
Launched and connected shader compiler UnityShaderCompiler.exe after 0.26 seconds
Refreshing native plugins compatible for Editor in 1.52 ms, found 2 plugins.
Preloading 0 native plugins for Editor in 0.00 ms.
Unloading 2370 Unused Serialized files (Serialized files now loaded: 0)
System memory in use before: 97.1 MB.
System memory in use after: 97.3 MB.

Unloading 24 unused Assets to reduce memory usage. Loaded Objects now: 2804.
Total: 3.756300 ms (FindLiveObjects: 0.339800 ms CreateObjectMapping: 0.228300 ms MarkObjects: 3.053400 ms  DeleteObjects: 0.133100 ms)

========================================================================
Received Import Request.
  path: Assets/Creature/ShieldMaterial.mat
  artifactKey: Guid(234c8433a2e606a46a6da47ffe76a089) Importer(815301076,1909f56bfc062723c751e8b465ee728b)
Start importing Assets/Creature/ShieldMaterial.mat using Guid(234c8433a2e606a46a6da47ffe76a089) Importer(815301076,1909f56bfc062723c751e8b465ee728b)  -> (artifact id: '90df3ae6431c8adf49b89f0c76d731cb') in 0.994678 seconds
  Import took 1.025527 seconds .

========================================================================
Received Import Request.
  Time since last request: 0.000920 seconds.
  path: Assets/Creature/Player.prefab
  artifactKey: Guid(b8a12c60ce879674d83b8ce920c99edd) Importer(815301076,1909f56bfc062723c751e8b465ee728b)
Start importing Assets/Creature/Player.prefab using Guid(b8a12c60ce879674d83b8ce920c99edd) Importer(815301076,1909f56bfc062723c751e8b465ee728b)  -> (artifact id: '5ec2e577926a449afecbb469df82881d') in 0.090421 seconds
  Import took 0.116951 seconds .

========================================================================
Received Import Request.
  Time since last request: 0.002635 seconds.
  path: Assets/Creature/Player Settings.asset
  artifactKey: Guid(5e08bd34e990c49448f24e92179c7b8a) Importer(815301076,1909f56bfc062723c751e8b465ee728b)
Start importing Assets/Creature/Player Settings.asset using Guid(5e08bd34e990c49448f24e92179c7b8a) Importer(815301076,1909f56bfc062723c751e8b465ee728b)  -> (artifact id: 'b896ada010fd3026e298c86371c0ec24') in 0.029378 seconds
  Import took 0.061785 seconds .

========================================================================
Received Import Request.
  Time since last request: 64.763188 seconds.
  path: Assets/Creature/Player.prefab
  artifactKey: Guid(b8a12c60ce879674d83b8ce920c99edd) Importer(815301076,1909f56bfc062723c751e8b465ee728b)
Start importing Assets/Creature/Player.prefab using Guid(b8a12c60ce879674d83b8ce920c99edd) Importer(815301076,1909f56bfc062723c751e8b465ee728b)  -> (artifact id: '6015704605cf2a341dbc67b385fd4969') in 0.029090 seconds
  Import took 0.056184 seconds .

========================================================================
Received Prepare
Registering precompiled user dll's ...
Registered in 0.019814 seconds.
Begin MonoManager ReloadAssembly
Native extension for WindowsStandalone target not found
Native extension for WebGL target not found
Refreshing native plugins compatible for Editor in 0.69 ms, found 2 plugins.
Preloading 0 native plugins for Editor in 0.00 ms.
Invoked RoslynAnalysisRunner static constructor.
RoslynAnalysisRunner will not be running.
RoslynAnalysisRunner has terminated.
Mono: successfully reloaded assembly
- Completed reload, in  2.445 seconds
Platform modules already initialized, skipping
Refreshing native plugins compatible for Editor in 2.03 ms, found 2 plugins.
Preloading 0 native plugins for Editor in 0.00 ms.
Unloading 2351 Unused Serialized files (Serialized files now loaded: 0)
System memory in use before: 100.3 MB.
System memory in use after: 100.5 MB.

Unloading 18 unused Assets to reduce memory usage. Loaded Objects now: 2847.
Total: 3.519400 ms (FindLiveObjects: 0.336800 ms CreateObjectMapping: 0.304900 ms MarkObjects: 2.787000 ms  DeleteObjects: 0.089000 ms)

========================================================================
Received Import Request.
  Time since last request: 83.116833 seconds.
  path: Assets/Creature/Player.prefab
  artifactKey: Guid(b8a12c60ce879674d83b8ce920c99edd) Importer(815301076,1909f56bfc062723c751e8b465ee728b)
Start importing Assets/Creature/Player.prefab using Guid(b8a12c60ce879674d83b8ce920c99edd) Importer(815301076,1909f56bfc062723c751e8b465ee728b)  -> (artifact id: '939fb070990e6250ae9dabd4a17c8ea2') in 0.100221 seconds
  Import took 0.206126 seconds .

========================================================================
Received Import Request.
  Time since last request: 151.816696 seconds.
  path: Assets/Creature/Shield.prefab
  artifactKey: Guid(c74c5e70b418e5645be848bae907e876) Importer(815301076,1909f56bfc062723c751e8b465ee728b)
Start importing Assets/Creature/Shield.prefab using Guid(c74c5e70b418e5645be848bae907e876) Importer(815301076,1909f56bfc062723c751e8b465ee728b)  -> (artifact id: 'de8c276541656f0ebf77095bc1e42442') in 0.060952 seconds
  Import took 0.141123 seconds .

========================================================================
Received Import Request.
  Time since last request: 0.051259 seconds.
  path: Assets/Creature/Shield.prefab
  artifactKey: Guid(c74c5e70b418e5645be848bae907e876) Importer(815301076,1909f56bfc062723c751e8b465ee728b)
Start importing Assets/Creature/Shield.prefab using Guid(c74c5e70b418e5645be848bae907e876) Importer(815301076,1909f56bfc062723c751e8b465ee728b)  -> (artifact id: 'de8c276541656f0ebf77095bc1e42442') in 0.021163 seconds
  Import took 0.042938 seconds .

========================================================================
Received Prepare
Registering precompiled user dll's ...
Registered in 0.020251 seconds.
Begin MonoManager ReloadAssembly
Native extension for WindowsStandalone target not found
Native extension for WebGL target not found
Refreshing native plugins compatible for Editor in 0.75 ms, found 2 plugins.
Preloading 0 native plugins for Editor in 0.00 ms.
Invoked RoslynAnalysisRunner static constructor.
RoslynAnalysisRunner will not be running.
RoslynAnalysisRunner has terminated.
Mono: successfully reloaded assembly
- Completed reload, in  2.315 seconds
Platform modules already initialized, skipping
Refreshing native plugins compatible for Editor in 2.41 ms, found 2 plugins.
Preloading 0 native plugins for Editor in 0.00 ms.
Unloading 2351 Unused Serialized files (Serialized files now loaded: 0)
System memory in use before: 100.4 MB.
System memory in use after: 100.6 MB.

Unloading 18 unused Assets to reduce memory usage. Loaded Objects now: 2851.
Total: 4.299400 ms (FindLiveObjects: 0.631500 ms CreateObjectMapping: 0.280900 ms MarkObjects: 3.301300 ms  DeleteObjects: 0.083800 ms)

========================================================================
Received Import Request.
  Time since last request: 195.607482 seconds.
  path: Assets/Creature/Player.prefab
  artifactKey: Guid(b8a12c60ce879674d83b8ce920c99edd) Importer(815301076,1909f56bfc062723c751e8b465ee728b)
Start importing Assets/Creature/Player.prefab using Guid(b8a12c60ce879674d83b8ce920c99edd) Importer(815301076,1909f56bfc062723c751e8b465ee728b)  -> (artifact id: 'bf94cd201f2771179ca489f7f58d8b08') in 0.098513 seconds
  Import took 0.123886 seconds .

========================================================================
Received Import Request.
  Time since last request: 9.480760 seconds.
  path: Assets/Creature/Player.prefab
  artifactKey: Guid(b8a12c60ce879674d83b8ce920c99edd) Importer(815301076,1909f56bfc062723c751e8b465ee728b)
Start importing Assets/Creature/Player.prefab using Guid(b8a12c60ce879674d83b8ce920c99edd) Importer(815301076,1909f56bfc062723c751e8b465ee728b)  -> (artifact id: '9f65f7f6fbfa00baea92a46b11dab1b9') in 0.029321 seconds
  Import took 0.165024 seconds .

========================================================================
Received Prepare
Registering precompiled user dll's ...
Registered in 0.143376 seconds.
Begin MonoManager ReloadAssembly
Native extension for WindowsStandalone target not found
Native extension for WebGL target not found
Refreshing native plugins compatible for Editor in 1.44 ms, found 2 plugins.
Preloading 0 native plugins for Editor in 0.00 ms.
Invoked RoslynAnalysisRunner static constructor.
RoslynAnalysisRunner will not be running.
RoslynAnalysisRunner has terminated.
Mono: successfully reloaded assembly
- Completed reload, in  2.479 seconds
Platform modules already initialized, skipping
Refreshing native plugins compatible for Editor in 0.70 ms, found 2 plugins.
Preloading 0 native plugins for Editor in 0.00 ms.
Unloading 2351 Unused Serialized files (Serialized files now loaded: 0)
System memory in use before: 100.4 MB.
System memory in use after: 100.6 MB.

Unloading 18 unused Assets to reduce memory usage. Loaded Objects now: 2854.
Total: 6.334600 ms (FindLiveObjects: 1.046500 ms CreateObjectMapping: 0.424900 ms MarkObjects: 4.777500 ms  DeleteObjects: 0.084400 ms)

========================================================================
Received Prepare
Registering precompiled user dll's ...
Registered in 0.033992 seconds.
Begin MonoManager ReloadAssembly
Native extension for WindowsStandalone target not found
Native extension for WebGL target not found
Refreshing native plugins compatible for Editor in 0.79 ms, found 2 plugins.
Preloading 0 native plugins for Editor in 0.00 ms.
Invoked RoslynAnalysisRunner static constructor.
RoslynAnalysisRunner will not be running.
RoslynAnalysisRunner has terminated.
Mono: successfully reloaded assembly
- Completed reload, in  2.721 seconds
Platform modules already initialized, skipping
Refreshing native plugins compatible for Editor in 0.75 ms, found 2 plugins.
Preloading 0 native plugins for Editor in 0.00 ms.
Unloading 2351 Unused Serialized files (Serialized files now loaded: 0)
System memory in use before: 100.4 MB.
System memory in use after: 100.6 MB.

Unloading 17 unused Assets to reduce memory usage. Loaded Objects now: 2856.
Total: 5.108500 ms (FindLiveObjects: 0.960900 ms CreateObjectMapping: 0.511100 ms MarkObjects: 3.530100 ms  DeleteObjects: 0.101900 ms)

========================================================================
Received Import Request.
  Time since last request: 153.126850 seconds.
  path: Assets/Creature/Player.prefab
  artifactKey: Guid(b8a12c60ce879674d83b8ce920c99edd) Importer(815301076,1909f56bfc062723c751e8b465ee728b)
Start importing Assets/Creature/Player.prefab using Guid(b8a12c60ce879674d83b8ce920c99edd) Importer(815301076,1909f56bfc062723c751e8b465ee728b)  -> (artifact id: 'f3bbb606e9bbd0f785c0f6730b42bfdb') in 0.159437 seconds
  Import took 0.194689 seconds .

========================================================================
Received Import Request.
  Time since last request: 6.675294 seconds.
  path: Assets/Creature/Player.prefab
  artifactKey: Guid(b8a12c60ce879674d83b8ce920c99edd) Importer(815301076,1909f56bfc062723c751e8b465ee728b)
Start importing Assets/Creature/Player.prefab using Guid(b8a12c60ce879674d83b8ce920c99edd) Importer(815301076,1909f56bfc062723c751e8b465ee728b)  -> (artifact id: '3d6322d4c042a11c1a3c2a259d009e55') in 0.063618 seconds
  Import took 0.145077 seconds .

========================================================================
Received Import Request.
  Time since last request: 1.025062 seconds.
  path: Assets/Creature/Player.prefab
  artifactKey: Guid(b8a12c60ce879674d83b8ce920c99edd) Importer(815301076,1909f56bfc062723c751e8b465ee728b)
Start importing Assets/Creature/Player.prefab using Guid(b8a12c60ce879674d83b8ce920c99edd) Importer(815301076,1909f56bfc062723c751e8b465ee728b)  -> (artifact id: '8dc9fae11979c0532bdf7bc3f1c9e759') in 0.098275 seconds
  Import took 0.223769 seconds .

========================================================================
Received Import Request.
  Time since last request: 8.758445 seconds.
  path: Assets/Creature/Player.prefab
  artifactKey: Guid(b8a12c60ce879674d83b8ce920c99edd) Importer(815301076,1909f56bfc062723c751e8b465ee728b)
Start importing Assets/Creature/Player.prefab using Guid(b8a12c60ce879674d83b8ce920c99edd) Importer(815301076,1909f56bfc062723c751e8b465ee728b)  -> (artifact id: '6c0a99f9349889d8ea42ee51fe50d1ed') in 0.058726 seconds
  Import took 0.066470 seconds .

========================================================================
Received Import Request.
  Time since last request: 35.431420 seconds.
  path: Assets/Creature/Player.prefab
  artifactKey: Guid(b8a12c60ce879674d83b8ce920c99edd) Importer(815301076,1909f56bfc062723c751e8b465ee728b)
Start importing Assets/Creature/Player.prefab using Guid(b8a12c60ce879674d83b8ce920c99edd) Importer(815301076,1909f56bfc062723c751e8b465ee728b)  -> (artifact id: '2ee2a4e37518e642a9da610b066d5bd2') in 0.038741 seconds
  Import took 0.076855 seconds .

========================================================================
Received Import Request.
  Time since last request: 0.000365 seconds.
  path: Assets/Creature/Shield.prefab
  artifactKey: Guid(c74c5e70b418e5645be848bae907e876) Importer(815301076,1909f56bfc062723c751e8b465ee728b)
Start importing Assets/Creature/Shield.prefab using Guid(c74c5e70b418e5645be848bae907e876) Importer(815301076,1909f56bfc062723c751e8b465ee728b)  -> (artifact id: 'fe54343ce22cd26dbfff213c64131322') in 0.025756 seconds
  Import took 0.033266 seconds .

========================================================================
Received Import Request.
  Time since last request: 24.957304 seconds.
  path: Assets/Creature/Player.prefab
  artifactKey: Guid(b8a12c60ce879674d83b8ce920c99edd) Importer(815301076,1909f56bfc062723c751e8b465ee728b)
Start importing Assets/Creature/Player.prefab using Guid(b8a12c60ce879674d83b8ce920c99edd) Importer(815301076,1909f56bfc062723c751e8b465ee728b)  -> (artifact id: 'e1f639f875a86adfd5a77e5125fc05f0') in 0.053506 seconds
  Import took 0.153179 seconds .

========================================================================
Received Import Request.
  Time since last request: 2.582349 seconds.
  path: Assets/Creature/Player.prefab
  artifactKey: Guid(b8a12c60ce879674d83b8ce920c99edd) Importer(815301076,1909f56bfc062723c751e8b465ee728b)
Start importing Assets/Creature/Player.prefab using Guid(b8a12c60ce879674d83b8ce920c99edd) Importer(815301076,1909f56bfc062723c751e8b465ee728b)  -> (artifact id: 'fd5590aea11b5cdc802ac6693307a637') in 0.043910 seconds
  Import took 0.053752 seconds .

========================================================================
Received Import Request.
  Time since last request: 3.099971 seconds.
  path: Assets/Creature/Player.prefab
  artifactKey: Guid(b8a12c60ce879674d83b8ce920c99edd) Importer(815301076,1909f56bfc062723c751e8b465ee728b)
Start importing Assets/Creature/Player.prefab using Guid(b8a12c60ce879674d83b8ce920c99edd) Importer(815301076,1909f56bfc062723c751e8b465ee728b)  -> (artifact id: 'b3385790eb09ae7d6a483930a3d7e861') in 0.096686 seconds
  Import took 0.137054 seconds .

========================================================================
Received Import Request.
  Time since last request: 5.823493 seconds.
  path: Assets/Creature/Player.prefab
  artifactKey: Guid(b8a12c60ce879674d83b8ce920c99edd) Importer(815301076,1909f56bfc062723c751e8b465ee728b)
Start importing Assets/Creature/Player.prefab using Guid(b8a12c60ce879674d83b8ce920c99edd) Importer(815301076,1909f56bfc062723c751e8b465ee728b)  -> (artifact id: '755a7f0746b0f4f5c53f34df17c46ac9') in 0.110830 seconds
  Import took 0.156201 seconds .

========================================================================
Received Import Request.
  Time since last request: 0.666039 seconds.
  path: Assets/Creature/Player.prefab
  artifactKey: Guid(b8a12c60ce879674d83b8ce920c99edd) Importer(815301076,1909f56bfc062723c751e8b465ee728b)
Start importing Assets/Creature/Player.prefab using Guid(b8a12c60ce879674d83b8ce920c99edd) Importer(815301076,1909f56bfc062723c751e8b465ee728b)  -> (artifact id: '7066d137b550b54b377dc8aafaeedf59') in 0.044085 seconds
  Import took 0.052590 seconds .

========================================================================
Received Import Request.
  Time since last request: 6.112924 seconds.
  path: Assets/Creature/Player.prefab
  artifactKey: Guid(b8a12c60ce879674d83b8ce920c99edd) Importer(815301076,1909f56bfc062723c751e8b465ee728b)
Start importing Assets/Creature/Player.prefab using Guid(b8a12c60ce879674d83b8ce920c99edd) Importer(815301076,1909f56bfc062723c751e8b465ee728b)  -> (artifact id: 'd17de2531d73bd6ef4fb4fe23673df7f') in 0.067927 seconds
  Import took 0.083511 seconds .

========================================================================
Received Import Request.
  Time since last request: 13.660322 seconds.
  path: Assets/Creature/Player.prefab
  artifactKey: Guid(b8a12c60ce879674d83b8ce920c99edd) Importer(815301076,1909f56bfc062723c751e8b465ee728b)
Start importing Assets/Creature/Player.prefab using Guid(b8a12c60ce879674d83b8ce920c99edd) Importer(815301076,1909f56bfc062723c751e8b465ee728b)  -> (artifact id: 'a37592029695407de3d0b890f15c8c83') in 0.063498 seconds
  Import took 0.099006 seconds .

========================================================================
Received Prepare
Registering precompiled user dll's ...
Registered in 0.133379 seconds.
Begin MonoManager ReloadAssembly
Native extension for WindowsStandalone target not found
Native extension for WebGL target not found
Refreshing native plugins compatible for Editor in 1.16 ms, found 2 plugins.
Preloading 0 native plugins for Editor in 0.00 ms.
Invoked RoslynAnalysisRunner static constructor.
RoslynAnalysisRunner will not be running.
RoslynAnalysisRunner has terminated.
Mono: successfully reloaded assembly
- Completed reload, in  3.917 seconds
Platform modules already initialized, skipping
Refreshing native plugins compatible for Editor in 1.51 ms, found 2 plugins.
Preloading 0 native plugins for Editor in 0.00 ms.
Unloading 2351 Unused Serialized files (Serialized files now loaded: 0)
System memory in use before: 100.4 MB.
System memory in use after: 100.6 MB.

Unloading 18 unused Assets to reduce memory usage. Loaded Objects now: 2859.
Total: 8.589600 ms (FindLiveObjects: 0.988500 ms CreateObjectMapping: 0.372800 ms MarkObjects: 7.102200 ms  DeleteObjects: 0.121400 ms)

========================================================================
Received Prepare
Registering precompiled user dll's ...
Registered in 0.304281 seconds.
Begin MonoManager ReloadAssembly
Native extension for WindowsStandalone target not found
Native extension for WebGL target not found
Refreshing native plugins compatible for Editor in 1.82 ms, found 2 plugins.
Preloading 0 native plugins for Editor in 0.00 ms.
Invoked RoslynAnalysisRunner static constructor.
RoslynAnalysisRunner will not be running.
RoslynAnalysisRunner has terminated.
Mono: successfully reloaded assembly
- Completed reload, in 11.024 seconds
Platform modules already initialized, skipping
Refreshing native plugins compatible for Editor in 2.65 ms, found 2 plugins.
Preloading 0 native plugins for Editor in 0.00 ms.
Unloading 2351 Unused Serialized files (Serialized files now loaded: 0)
System memory in use before: 100.5 MB.
System memory in use after: 100.7 MB.

Unloading 17 unused Assets to reduce memory usage. Loaded Objects now: 2861.
Total: 16.405700 ms (FindLiveObjects: 0.580300 ms CreateObjectMapping: 0.253800 ms MarkObjects: 15.329000 ms  DeleteObjects: 0.239300 ms)

========================================================================
Received Prepare
Registering precompiled user dll's ...
Registered in 0.034957 seconds.
Begin MonoManager ReloadAssembly
Native extension for WindowsStandalone target not found
Native extension for WebGL target not found
Refreshing native plugins compatible for Editor in 0.66 ms, found 2 plugins.
Preloading 0 native plugins for Editor in 0.00 ms.
Invoked RoslynAnalysisRunner static constructor.
RoslynAnalysisRunner will not be running.
RoslynAnalysisRunner has terminated.
Mono: successfully reloaded assembly
- Completed reload, in  2.564 seconds
Platform modules already initialized, skipping
Refreshing native plugins compatible for Editor in 0.62 ms, found 2 plugins.
Preloading 0 native plugins for Editor in 0.00 ms.
Unloading 2351 Unused Serialized files (Serialized files now loaded: 0)
System memory in use before: 100.5 MB.
System memory in use after: 100.7 MB.

Unloading 17 unused Assets to reduce memory usage. Loaded Objects now: 2863.
Total: 4.604900 ms (FindLiveObjects: 0.566800 ms CreateObjectMapping: 0.565000 ms MarkObjects: 3.334700 ms  DeleteObjects: 0.136000 ms)

========================================================================
Received Prepare
Registering precompiled user dll's ...
Registered in 0.035399 seconds.
Begin MonoManager ReloadAssembly
Native extension for WindowsStandalone target not found
Native extension for WebGL target not found
Refreshing native plugins compatible for Editor in 0.65 ms, found 2 plugins.
Preloading 0 native plugins for Editor in 0.00 ms.
Invoked RoslynAnalysisRunner static constructor.
RoslynAnalysisRunner will not be running.
RoslynAnalysisRunner has terminated.
Mono: successfully reloaded assembly
- Completed reload, in  2.632 seconds
Platform modules already initialized, skipping
Refreshing native plugins compatible for Editor in 0.73 ms, found 2 plugins.
Preloading 0 native plugins for Editor in 0.00 ms.
Unloading 2351 Unused Serialized files (Serialized files now loaded: 0)
System memory in use before: 100.5 MB.
System memory in use after: 100.7 MB.

Unloading 17 unused Assets to reduce memory usage. Loaded Objects now: 2865.
Total: 6.595700 ms (FindLiveObjects: 0.555400 ms CreateObjectMapping: 1.562500 ms MarkObjects: 4.386500 ms  DeleteObjects: 0.089500 ms)

